[2025-09-09 15:13:10] [INFO] Verificando validaciones pendientes
[2025-09-09 15:18:10] [INFO] Verificando validaciones pendientes
[2025-09-09 15:23:10] [INFO] Verificando validaciones pendientes
[2025-09-09 15:28:10] [INFO] Verificando validaciones pendientes
[2025-09-09 15:33:10] [INFO] Verificando validaciones pendientes
[2025-09-09 15:38:10] [INFO] Verificando validaciones pendientes
[2025-09-09 15:43:09] [INFO] Verificando validaciones pendientes
[2025-09-09 15:48:09] [INFO] Verificando validaciones pendientes
[2025-09-09 15:53:09] [INFO] Verificando validaciones pendientes
[2025-09-09 15:58:09] [INFO] Verificando validaciones pendientes
[2025-09-09 16:03:09] [INFO] Verificando validaciones pendientes
[2025-09-09 16:08:09] [INFO] Verificando validaciones pendientes
[2025-09-09 16:13:09] [INFO] Verificando validaciones pendientes
[2025-09-09 16:18:09] [INFO] Verificando validaciones pendientes
[2025-09-09 16:23:09] [INFO] Verificando validaciones pendientes
[2025-09-09 16:28:09] [INFO] Verificando validaciones pendientes
[2025-09-09 16:33:09] [INFO] Verificando validaciones pendientes
[2025-09-09 16:38:09] [INFO] Verificando validaciones pendientes
[2025-09-09 16:43:09] [INFO] Verificando validaciones pendientes
[2025-09-09 16:48:09] [INFO] Verificando validaciones pendientes
[2025-09-09 16:53:09] [INFO] Verificando validaciones pendientes
[2025-09-09 16:58:09] [INFO] Verificando validaciones pendientes
[2025-09-09 17:03:09] [INFO] Verificando validaciones pendientes
[2025-09-09 17:08:09] [INFO] Verificando validaciones pendientes
[2025-09-09 17:13:09] [INFO] Verificando validaciones pendientes
[2025-09-09 17:18:07] [INFO] Enviando alerta a Teams 🚨 Parámetros fuera o cerca del rango permitido
[2025-09-09 17:18:07] [INFO] Enviando alerta a Teams 2025-09-09 17:18:07, 🚨 Parámetros fuera o cerca del rango permitido, Array
[2025-09-09 17:18:07] [INFO] 🚀 Enviando alerta a Teams, {"destino":{"tipo":"chat_user","id":"desarrollo@progel.com.mx"},"mensaje":{"type":"AdaptiveCard","version":"1.4","body":[{"type":"TextBlock","text":"🚨 Parámetros fuera o cerca del rango permitido","weight":"bolder","size":"large","color":"attention","wrap":true},{"type":"FactSet","facts":[{"title":"Cocedor:","value":"4"},{"title":"📊 Parámetro:","value":"pH"},{"title":"📈 Valor detectado:","value":""},{"title":"✅ Rango permitido:","value":"3 - 3.8"},{"title":"📊 Parámetro:","value":"NTU"},{"title":"📈 Valor detectado:","value":""},{"title":"✅ Rango permitido:","value":"60 - 600"},{"title":"📊 Parámetro:","value":"% Sólidos"},{"title":"📈 Valor detectado:","value":""},{"title":"✅ Rango permitido:","value":"1.5 - 2.8"},{"title":"👤 Responsable de registro:","value":"control"}]},{"type":"TextBlock","text":"📅 Fecha de alerta: 2025-09-09 17:18:07","wrap":true,"spacing":"Medium"}],"msteams":{"width":"Full"}}}
[2025-09-09 17:18:08] [INFO] Alerta enviada correctamente
[2025-09-09 17:18:09] [INFO] Verificando validaciones pendientes
[2025-09-09 17:23:10] [INFO] Verificando validaciones pendientes
[2025-09-09 17:25:41] [INFO] Enviando alerta a Teams 🚨 Parámetros fuera o cerca del rango permitido
[2025-09-09 17:25:41] [INFO] Enviando alerta a Teams 2025-09-09 17:25:41, 🚨 Parámetros fuera o cerca del rango permitido, Array
[2025-09-09 17:25:41] [INFO] 🚀 Enviando alerta a Teams, {"destino":{"tipo":"chat_user","id":"desarrollo@progel.com.mx"},"mensaje":{"type":"AdaptiveCard","version":"1.4","body":[{"type":"TextBlock","text":"🚨 Parámetros fuera o cerca del rango permitido","weight":"bolder","size":"large","color":"attention","wrap":true},{"type":"FactSet","facts":[{"title":"Cocedor:","value":"4"},{"title":"📊 Parámetro:","value":"NTU"},{"title":"📈 Valor detectado:","value":"6000"},{"title":"✅ Rango permitido:","value":"60 - 600"},{"title":"👤 Responsable de registro:","value":"control"}]},{"type":"TextBlock","text":"📅 Fecha de alerta: 2025-09-09 17:25:41","wrap":true,"spacing":"Medium"}],"msteams":{"width":"Full"}}}
[2025-09-09 17:25:41] [INFO] Alerta enviada correctamente
[2025-09-09 17:28:09] [INFO] Verificando validaciones pendientes
[2025-09-09 17:33:09] [INFO] Verificando validaciones pendientes
[2025-09-09 17:38:09] [INFO] Verificando validaciones pendientes
[2025-09-09 17:43:09] [INFO] Verificando validaciones pendientes
[2025-09-09 17:48:09] [INFO] Verificando validaciones pendientes
[2025-09-09 17:53:09] [INFO] Verificando validaciones pendientes
[2025-09-09 17:58:09] [INFO] Verificando validaciones pendientes
[2025-09-09 18:03:09] [INFO] Verificando validaciones pendientes
[2025-09-09 18:08:09] [INFO] Verificando validaciones pendientes
[2025-09-09 18:13:09] [INFO] Verificando validaciones pendientes
[2025-09-09 18:18:09] [INFO] Verificando validaciones pendientes
[2025-09-09 18:23:09] [INFO] Verificando validaciones pendientes
[2025-09-09 18:28:09] [INFO] Verificando validaciones pendientes
[2025-09-09 18:33:09] [INFO] Verificando validaciones pendientes
[2025-09-09 18:38:09] [INFO] Verificando validaciones pendientes
[2025-09-09 18:43:09] [INFO] Verificando validaciones pendientes
[2025-09-09 18:48:09] [INFO] Verificando validaciones pendientes
[2025-09-09 18:53:09] [INFO] Verificando validaciones pendientes
[2025-09-09 18:58:09] [INFO] Verificando validaciones pendientes
[2025-09-09 19:03:09] [INFO] Verificando validaciones pendientes
[2025-09-09 19:08:09] [INFO] Verificando validaciones pendientes
[2025-09-09 19:13:09] [INFO] Verificando validaciones pendientes
[2025-09-09 19:18:09] [INFO] Verificando validaciones pendientes
[2025-09-09 19:23:09] [INFO] Verificando validaciones pendientes
[2025-09-09 19:28:09] [INFO] Verificando validaciones pendientes
[2025-09-09 19:33:09] [INFO] Verificando validaciones pendientes
[2025-09-09 19:38:09] [INFO] Verificando validaciones pendientes
[2025-09-09 19:43:09] [INFO] Verificando validaciones pendientes
[2025-09-09 19:48:09] [INFO] Verificando validaciones pendientes
[2025-09-09 19:53:09] [INFO] Verificando validaciones pendientes
[2025-09-09 19:58:09] [INFO] Verificando validaciones pendientes
[2025-09-09 20:03:09] [INFO] Verificando validaciones pendientes
[2025-09-09 20:08:09] [INFO] Verificando validaciones pendientes
[2025-09-09 20:13:09] [INFO] Verificando validaciones pendientes
[2025-09-09 20:18:09] [INFO] Verificando validaciones pendientes
[2025-09-09 20:23:09] [INFO] Verificando validaciones pendientes
[2025-09-09 20:28:09] [INFO] Verificando validaciones pendientes
[2025-09-09 20:33:09] [INFO] Verificando validaciones pendientes
[2025-09-09 20:38:09] [INFO] Verificando validaciones pendientes
[2025-09-09 20:43:09] [INFO] Verificando validaciones pendientes
[2025-09-09 20:48:09] [INFO] Verificando validaciones pendientes
[2025-09-09 20:53:09] [INFO] Verificando validaciones pendientes
[2025-09-09 20:58:09] [INFO] Verificando validaciones pendientes
[2025-09-09 21:03:09] [INFO] Verificando validaciones pendientes
[2025-09-09 21:08:09] [INFO] Verificando validaciones pendientes
[2025-09-09 21:13:09] [INFO] Verificando validaciones pendientes
[2025-09-09 21:18:09] [INFO] Verificando validaciones pendientes
[2025-09-09 21:23:09] [INFO] Verificando validaciones pendientes
[2025-09-09 21:28:09] [INFO] Verificando validaciones pendientes
[2025-09-09 21:33:09] [INFO] Verificando validaciones pendientes
[2025-09-09 21:38:09] [INFO] Verificando validaciones pendientes
[2025-09-09 21:43:09] [INFO] Verificando validaciones pendientes
[2025-09-09 21:48:11] [INFO] Verificando validaciones pendientes
[2025-09-09 21:53:11] [INFO] Verificando validaciones pendientes
[2025-09-09 21:58:10] [INFO] Verificando validaciones pendientes
[2025-09-09 22:03:09] [INFO] Verificando validaciones pendientes
[2025-09-09 22:08:09] [INFO] Verificando validaciones pendientes
[2025-09-09 22:13:09] [INFO] Verificando validaciones pendientes
[2025-09-09 22:18:09] [INFO] Verificando validaciones pendientes
[2025-09-09 22:23:09] [INFO] Verificando validaciones pendientes
[2025-09-09 22:28:09] [INFO] Verificando validaciones pendientes
[2025-09-09 22:38:11] [INFO] Verificando validaciones pendientes
[2025-09-09 22:43:09] [INFO] Verificando validaciones pendientes
[2025-09-09 22:48:10] [INFO] Verificando validaciones pendientes
[2025-09-09 22:53:09] [INFO] Verificando validaciones pendientes
[2025-09-09 22:58:09] [INFO] Verificando validaciones pendientes
[2025-09-09 23:03:09] [INFO] Verificando validaciones pendientes
[2025-09-09 23:08:09] [INFO] Verificando validaciones pendientes
[2025-09-09 23:13:09] [INFO] Verificando validaciones pendientes
[2025-09-09 23:18:09] [INFO] Verificando validaciones pendientes
[2025-09-09 23:23:09] [INFO] Verificando validaciones pendientes
[2025-09-09 23:28:09] [INFO] Verificando validaciones pendientes
[2025-09-09 23:33:09] [INFO] Verificando validaciones pendientes
[2025-09-09 23:38:09] [INFO] Verificando validaciones pendientes
[2025-09-09 23:43:09] [INFO] Verificando validaciones pendientes
[2025-09-09 23:48:09] [INFO] Verificando validaciones pendientes
[2025-09-09 23:53:09] [INFO] Verificando validaciones pendientes
[2025-09-09 23:58:09] [INFO] Verificando validaciones pendientes
[2025-09-10 00:03:09] [INFO] Verificando validaciones pendientes
[2025-09-10 00:08:09] [INFO] Verificando validaciones pendientes
[2025-09-10 00:13:09] [INFO] Verificando validaciones pendientes
[2025-09-10 00:18:10] [INFO] Verificando validaciones pendientes
[2025-09-10 00:23:09] [INFO] Verificando validaciones pendientes
[2025-09-10 00:28:09] [INFO] Verificando validaciones pendientes
[2025-09-10 00:33:09] [INFO] Verificando validaciones pendientes
[2025-09-10 00:38:10] [INFO] Verificando validaciones pendientes
[2025-09-10 00:43:09] [INFO] Verificando validaciones pendientes
[2025-09-10 00:48:10] [INFO] Verificando validaciones pendientes
[2025-09-10 00:53:10] [INFO] Verificando validaciones pendientes
[2025-09-10 00:58:09] [INFO] Verificando validaciones pendientes
[2025-09-10 01:03:09] [INFO] Verificando validaciones pendientes
[2025-09-10 01:08:10] [INFO] Verificando validaciones pendientes
[2025-09-10 01:13:10] [INFO] Verificando validaciones pendientes
[2025-09-10 01:18:10] [INFO] Verificando validaciones pendientes
[2025-09-10 01:23:10] [INFO] Verificando validaciones pendientes
[2025-09-10 01:28:10] [INFO] Verificando validaciones pendientes
[2025-09-10 01:33:10] [INFO] Verificando validaciones pendientes
[2025-09-10 01:38:09] [INFO] Verificando validaciones pendientes
[2025-09-10 01:43:09] [INFO] Verificando validaciones pendientes
[2025-09-10 01:48:09] [INFO] Verificando validaciones pendientes
[2025-09-10 01:53:09] [INFO] Verificando validaciones pendientes
[2025-09-10 01:58:09] [INFO] Verificando validaciones pendientes
[2025-09-10 02:03:09] [INFO] Verificando validaciones pendientes
[2025-09-10 02:08:09] [INFO] Verificando validaciones pendientes
[2025-09-10 02:13:09] [INFO] Verificando validaciones pendientes
[2025-09-10 02:18:09] [INFO] Verificando validaciones pendientes
[2025-09-10 02:23:09] [INFO] Verificando validaciones pendientes
[2025-09-10 02:28:09] [INFO] Verificando validaciones pendientes
[2025-09-10 02:33:09] [INFO] Verificando validaciones pendientes
[2025-09-10 02:38:09] [INFO] Verificando validaciones pendientes
[2025-09-10 02:43:09] [INFO] Verificando validaciones pendientes
[2025-09-10 02:48:09] [INFO] Verificando validaciones pendientes
[2025-09-10 02:53:09] [INFO] Verificando validaciones pendientes
[2025-09-10 02:58:09] [INFO] Verificando validaciones pendientes
[2025-09-10 03:03:09] [INFO] Verificando validaciones pendientes
[2025-09-10 03:08:09] [INFO] Verificando validaciones pendientes
[2025-09-10 03:13:09] [INFO] Verificando validaciones pendientes
[2025-09-10 03:18:09] [INFO] Verificando validaciones pendientes
[2025-09-10 03:23:09] [INFO] Verificando validaciones pendientes
[2025-09-10 03:28:09] [INFO] Verificando validaciones pendientes
[2025-09-10 03:33:09] [INFO] Verificando validaciones pendientes
[2025-09-10 03:38:09] [INFO] Verificando validaciones pendientes
[2025-09-10 03:43:09] [INFO] Verificando validaciones pendientes
[2025-09-10 03:48:09] [INFO] Verificando validaciones pendientes
[2025-09-10 03:53:09] [INFO] Verificando validaciones pendientes
[2025-09-10 03:58:09] [INFO] Verificando validaciones pendientes
[2025-09-10 04:03:09] [INFO] Verificando validaciones pendientes
[2025-09-10 04:08:09] [INFO] Verificando validaciones pendientes
[2025-09-10 04:13:09] [INFO] Verificando validaciones pendientes
[2025-09-10 04:18:09] [INFO] Verificando validaciones pendientes
[2025-09-10 04:23:09] [INFO] Verificando validaciones pendientes
[2025-09-10 04:28:09] [INFO] Verificando validaciones pendientes
[2025-09-10 04:33:09] [INFO] Verificando validaciones pendientes
[2025-09-10 04:38:09] [INFO] Verificando validaciones pendientes
[2025-09-10 04:43:09] [INFO] Verificando validaciones pendientes
[2025-09-10 04:48:09] [INFO] Verificando validaciones pendientes
[2025-09-10 04:53:09] [INFO] Verificando validaciones pendientes
[2025-09-10 04:58:09] [INFO] Verificando validaciones pendientes
[2025-09-10 05:03:09] [INFO] Verificando validaciones pendientes
[2025-09-10 05:08:09] [INFO] Verificando validaciones pendientes
[2025-09-10 05:13:09] [INFO] Verificando validaciones pendientes
[2025-09-10 05:18:09] [INFO] Verificando validaciones pendientes
[2025-09-10 05:23:09] [INFO] Verificando validaciones pendientes
[2025-09-10 05:28:09] [INFO] Verificando validaciones pendientes
[2025-09-10 05:33:09] [INFO] Verificando validaciones pendientes
[2025-09-10 05:38:09] [INFO] Verificando validaciones pendientes
[2025-09-10 05:43:09] [INFO] Verificando validaciones pendientes
[2025-09-10 05:48:09] [INFO] Verificando validaciones pendientes
[2025-09-10 05:53:09] [INFO] Verificando validaciones pendientes
[2025-09-10 05:58:09] [INFO] Verificando validaciones pendientes
[2025-09-10 06:03:09] [INFO] Verificando validaciones pendientes
[2025-09-10 06:08:09] [INFO] Verificando validaciones pendientes
[2025-09-10 06:13:09] [INFO] Verificando validaciones pendientes
[2025-09-10 06:18:09] [INFO] Verificando validaciones pendientes
[2025-09-10 06:23:09] [INFO] Verificando validaciones pendientes
[2025-09-10 06:28:09] [INFO] Verificando validaciones pendientes
[2025-09-10 06:33:09] [INFO] Verificando validaciones pendientes
[2025-09-10 06:38:09] [INFO] Verificando validaciones pendientes
[2025-09-10 06:43:09] [INFO] Verificando validaciones pendientes
[2025-09-10 06:48:09] [INFO] Verificando validaciones pendientes
[2025-09-10 06:53:09] [INFO] Verificando validaciones pendientes
[2025-09-10 06:58:09] [INFO] Verificando validaciones pendientes
[2025-09-10 07:03:09] [INFO] Verificando validaciones pendientes
[2025-09-10 07:08:10] [INFO] Verificando validaciones pendientes
[2025-09-10 07:13:09] [INFO] Verificando validaciones pendientes
[2025-09-10 07:18:09] [INFO] Verificando validaciones pendientes
[2025-09-10 07:23:09] [INFO] Verificando validaciones pendientes
[2025-09-10 07:28:09] [INFO] Verificando validaciones pendientes
[2025-09-10 07:33:09] [INFO] Verificando validaciones pendientes
[2025-09-10 07:38:10] [INFO] Verificando validaciones pendientes
[2025-09-10 07:43:09] [INFO] Verificando validaciones pendientes
[2025-09-10 07:48:09] [INFO] Verificando validaciones pendientes
[2025-09-10 07:53:09] [INFO] Verificando validaciones pendientes
[2025-09-10 07:58:09] [INFO] Verificando validaciones pendientes
[2025-09-10 08:03:10] [INFO] Verificando validaciones pendientes
[2025-09-10 08:08:10] [INFO] Verificando validaciones pendientes
[2025-09-10 08:13:10] [INFO] Verificando validaciones pendientes
[2025-09-10 08:18:10] [INFO] Verificando validaciones pendientes
[2025-09-10 08:23:10] [INFO] Verificando validaciones pendientes
[2025-09-10 08:28:09] [INFO] Verificando validaciones pendientes
[2025-09-10 08:33:09] [INFO] Verificando validaciones pendientes
[2025-09-10 08:38:10] [INFO] Verificando validaciones pendientes
[2025-09-10 08:43:10] [INFO] Verificando validaciones pendientes
[2025-09-10 08:48:10] [INFO] Verificando validaciones pendientes
[2025-09-10 08:53:10] [INFO] Verificando validaciones pendientes
[2025-09-10 08:58:10] [INFO] Verificando validaciones pendientes
[2025-09-10 09:03:10] [INFO] Verificando validaciones pendientes
[2025-09-10 09:08:10] [INFO] Verificando validaciones pendientes
[2025-09-10 09:13:10] [INFO] Verificando validaciones pendientes
[2025-09-10 09:18:10] [INFO] Verificando validaciones pendientes
[2025-09-10 09:20:54] [INFO] Validando consecutividad para relación 4 con fecha 2025-09-10 10:20:00
[2025-09-10 09:20:54] [INFO] Registro horario insertado
[2025-09-10 09:23:10] [INFO] Verificando validaciones pendientes
[2025-09-10 09:24:05] [INFO] Validando consecutividad para relación 5 con fecha 2025-09-10 10:24:00
[2025-09-10 09:24:05] [INFO] Registro horario insertado
[2025-09-10 09:25:41] [INFO] Validando consecutividad para relación 6 con fecha 2025-09-10 10:25:00
[2025-09-10 09:25:41] [INFO] Registro horario insertado
[2025-09-10 09:26:33] [INFO] Validando consecutividad para relación 7 con fecha 2025-09-10 10:26:00
[2025-09-10 09:26:33] [INFO] Registro horario insertado
[2025-09-10 09:26:33] [INFO] Enviando alerta a Teams 🚨 Parámetros fuera o cerca del rango permitido
[2025-09-10 09:26:33] [INFO] Enviando alerta a Teams 2025-09-10 09:26:33, 🚨 Parámetros fuera o cerca del rango permitido, Array
[2025-09-10 09:26:33] [INFO] 🚀 Enviando alerta a Teams, {"destino":{"tipo":"chat_user","id":"desarrollo@progel.com.mx"},"mensaje":{"type":"AdaptiveCard","version":"1.4","body":[{"type":"TextBlock","text":"🚨 Parámetros fuera o cerca del rango permitido","weight":"bolder","size":"large","color":"attention","wrap":true},{"type":"FactSet","facts":[{"title":"Cocedor:","value":"7"},{"title":"📊 Parámetro:","value":"% Sólidos"},{"title":"📈 Valor detectado:","value":"3"},{"title":"✅ Rango permitido:","value":"1.5 - 2.8"},{"title":"👤 Responsable de registro:","value":"control"}]},{"type":"TextBlock","text":"📅 Fecha de alerta: 2025-09-10 09:26:33","wrap":true,"spacing":"Medium"}],"msteams":{"width":"Full"}}}
[2025-09-10 09:26:33] [INFO] Alerta enviada correctamente
[2025-09-10 09:28:10] [INFO] Verificando validaciones pendientes
[2025-09-10 09:33:09] [INFO] Verificando validaciones pendientes
[2025-09-10 09:38:09] [INFO] Verificando validaciones pendientes
[2025-09-10 09:38:09] [INFO] 🚀 Enviando alerta a Teams, {"destino":{"tipo":"chat_user","responsable_tipo":"jefe","id":"desarrollo@progel.com.mx"},"mensaje":{"type":"AdaptiveCard","version":"1.4","body":[{"type":"TextBlock","text":"🚨 Validación pendiente 15 minutos","weight":"bolder","size":"large","color":"attention","wrap":true},{"type":"TextBlock","text":"📅 Fecha de alerta: 2025-09-10 09:38:09","wrap":true,"spacing":"Medium"},{"type":"FactSet","facts":[{"title":"Cocedor","value":"4"}],"spacing":"Small"},{"type":"FactSet","facts":[{"title":"Hora registro","value":"2025-09-10 09:20:00"}],"spacing":"Small"}],"msteams":{"width":"Full"}}}
[2025-09-10 09:38:09] [INFO] Alerta enviada correctamente
[2025-09-10 09:38:09] [INFO] 🚀 Enviando alerta a Teams, {"destino":{"tipo":"chat_user","responsable_tipo":"jefe","id":"desarrollo@progel.com.mx"},"mensaje":{"type":"AdaptiveCard","version":"1.4","body":[{"type":"TextBlock","text":"🚨 Validación pendiente 15 minutos","weight":"bolder","size":"large","color":"attention","wrap":true},{"type":"TextBlock","text":"📅 Fecha de alerta: 2025-09-10 09:38:09","wrap":true,"spacing":"Medium"},{"type":"FactSet","facts":[{"title":"Cocedor","value":"5"}],"spacing":"Small"},{"type":"FactSet","facts":[{"title":"Hora registro","value":"2025-09-10 09:23:00"}],"spacing":"Small"}],"msteams":{"width":"Full"}}}
[2025-09-10 09:38:10] [INFO] Alerta enviada correctamente
[2025-09-10 09:43:09] [INFO] Verificando validaciones pendientes
[2025-09-10 09:43:09] [INFO] 🚀 Enviando alerta a Teams, {"destino":{"tipo":"chat_user","responsable_tipo":"jefe","id":"desarrollo@progel.com.mx"},"mensaje":{"type":"AdaptiveCard","version":"1.4","body":[{"type":"TextBlock","text":"🚨 Validación pendiente 15 minutos","weight":"bolder","size":"large","color":"attention","wrap":true},{"type":"TextBlock","text":"📅 Fecha de alerta: 2025-09-10 09:43:09","wrap":true,"spacing":"Medium"},{"type":"FactSet","facts":[{"title":"Cocedor","value":"6"}],"spacing":"Small"},{"type":"FactSet","facts":[{"title":"Hora registro","value":"2025-09-10 09:25:00"}],"spacing":"Small"}],"msteams":{"width":"Full"}}}
[2025-09-10 09:43:13] [INFO] Alerta enviada correctamente
[2025-09-10 09:43:13] [INFO] 🚀 Enviando alerta a Teams, {"destino":{"tipo":"chat_user","responsable_tipo":"jefe","id":"desarrollo@progel.com.mx"},"mensaje":{"type":"AdaptiveCard","version":"1.4","body":[{"type":"TextBlock","text":"🚨 Validación pendiente 15 minutos","weight":"bolder","size":"large","color":"attention","wrap":true},{"type":"TextBlock","text":"📅 Fecha de alerta: 2025-09-10 09:43:13","wrap":true,"spacing":"Medium"},{"type":"FactSet","facts":[{"title":"Cocedor","value":"7"}],"spacing":"Small"},{"type":"FactSet","facts":[{"title":"Hora registro","value":"2025-09-10 09:26:00"}],"spacing":"Small"}],"msteams":{"width":"Full"}}}
[2025-09-10 09:43:14] [INFO] Alerta enviada correctamente
[2025-09-10 09:48:09] [INFO] Verificando validaciones pendientes
[2025-09-10 09:53:10] [INFO] Verificando validaciones pendientes
[2025-09-10 09:53:10] [INFO] 🚀 Enviando alerta a Teams, {"destino":{"tipo":"chat_user","responsable_tipo":"gerencia","id":"desarrollo@progel.com.mx"},"mensaje":{"type":"AdaptiveCard","version":"1.4","body":[{"type":"TextBlock","text":"🚨 Validación pendiente 30 minutos","weight":"bolder","size":"large","color":"attention","wrap":true},{"type":"TextBlock","text":"📅 Fecha de alerta: 2025-09-10 09:53:10","wrap":true,"spacing":"Medium"},{"type":"FactSet","facts":[{"title":"Cocedor","value":"4"}],"spacing":"Small"},{"type":"FactSet","facts":[{"title":"Hora registro","value":"2025-09-10 09:20:00"}],"spacing":"Small"}],"msteams":{"width":"Full"}}}
[2025-09-10 09:53:11] [INFO] Alerta enviada correctamente
[2025-09-10 09:53:11] [INFO] 🚀 Enviando alerta a Teams, {"destino":{"tipo":"chat_user","responsable_tipo":"gerencia","id":"desarrollo@progel.com.mx"},"mensaje":{"type":"AdaptiveCard","version":"1.4","body":[{"type":"TextBlock","text":"🚨 Validación pendiente 30 minutos","weight":"bolder","size":"large","color":"attention","wrap":true},{"type":"TextBlock","text":"📅 Fecha de alerta: 2025-09-10 09:53:11","wrap":true,"spacing":"Medium"},{"type":"FactSet","facts":[{"title":"Cocedor","value":"5"}],"spacing":"Small"},{"type":"FactSet","facts":[{"title":"Hora registro","value":"2025-09-10 09:23:00"}],"spacing":"Small"}],"msteams":{"width":"Full"}}}
[2025-09-10 09:53:11] [INFO] Alerta enviada correctamente
[2025-09-10 09:58:09] [INFO] Verificando validaciones pendientes
[2025-09-10 09:58:09] [INFO] 🚀 Enviando alerta a Teams, {"destino":{"tipo":"chat_user","responsable_tipo":"gerencia","id":"desarrollo@progel.com.mx"},"mensaje":{"type":"AdaptiveCard","version":"1.4","body":[{"type":"TextBlock","text":"🚨 Validación pendiente 30 minutos","weight":"bolder","size":"large","color":"attention","wrap":true},{"type":"TextBlock","text":"📅 Fecha de alerta: 2025-09-10 09:58:09","wrap":true,"spacing":"Medium"},{"type":"FactSet","facts":[{"title":"Cocedor","value":"6"}],"spacing":"Small"},{"type":"FactSet","facts":[{"title":"Hora registro","value":"2025-09-10 09:25:00"}],"spacing":"Small"}],"msteams":{"width":"Full"}}}
[2025-09-10 09:58:09] [INFO] Alerta enviada correctamente
[2025-09-10 09:58:09] [INFO] 🚀 Enviando alerta a Teams, {"destino":{"tipo":"chat_user","responsable_tipo":"gerencia","id":"desarrollo@progel.com.mx"},"mensaje":{"type":"AdaptiveCard","version":"1.4","body":[{"type":"TextBlock","text":"🚨 Validación pendiente 30 minutos","weight":"bolder","size":"large","color":"attention","wrap":true},{"type":"TextBlock","text":"📅 Fecha de alerta: 2025-09-10 09:58:09","wrap":true,"spacing":"Medium"},{"type":"FactSet","facts":[{"title":"Cocedor","value":"7"}],"spacing":"Small"},{"type":"FactSet","facts":[{"title":"Hora registro","value":"2025-09-10 09:26:00"}],"spacing":"Small"}],"msteams":{"width":"Full"}}}
[2025-09-10 09:58:10] [INFO] Alerta enviada correctamente
[2025-09-10 10:03:09] [INFO] Verificando validaciones pendientes
[2025-09-10 10:08:09] [INFO] Verificando validaciones pendientes
[2025-09-10 10:13:09] [INFO] Verificando validaciones pendientes
[2025-09-10 10:18:09] [INFO] Verificando validaciones pendientes
[2025-09-10 10:23:09] [INFO] Verificando validaciones pendientes
[2025-09-10 10:28:09] [INFO] Verificando validaciones pendientes
[2025-09-10 10:33:09] [INFO] Verificando validaciones pendientes
[2025-09-10 10:38:09] [INFO] Verificando validaciones pendientes
[2025-09-10 10:43:09] [INFO] Verificando validaciones pendientes
[2025-09-10 10:48:09] [INFO] Verificando validaciones pendientes
[2025-09-10 10:53:09] [INFO] Verificando validaciones pendientes
[2025-09-10 10:58:09] [INFO] Verificando validaciones pendientes
[2025-09-10 11:03:09] [INFO] Verificando validaciones pendientes
[2025-09-10 11:08:09] [INFO] Verificando validaciones pendientes
[2025-09-10 11:13:09] [INFO] Verificando validaciones pendientes
[2025-09-10 11:18:09] [INFO] Verificando validaciones pendientes
[2025-09-10 11:23:09] [INFO] Verificando validaciones pendientes
[2025-09-10 11:28:09] [INFO] Verificando validaciones pendientes
[2025-09-10 11:33:09] [INFO] Verificando validaciones pendientes
[2025-09-10 11:38:09] [INFO] Verificando validaciones pendientes
[2025-09-10 11:43:09] [INFO] Verificando validaciones pendientes
[2025-09-10 11:48:09] [INFO] Verificando validaciones pendientes
[2025-09-10 11:53:09] [INFO] Verificando validaciones pendientes
[2025-09-10 11:58:09] [INFO] Verificando validaciones pendientes
[2025-09-10 12:03:09] [INFO] Verificando validaciones pendientes
[2025-09-10 12:08:09] [INFO] Verificando validaciones pendientes
[2025-09-10 12:13:09] [INFO] Verificando validaciones pendientes
[2025-09-10 12:18:09] [INFO] Verificando validaciones pendientes
[2025-09-10 12:23:09] [INFO] Verificando validaciones pendientes
[2025-09-10 12:26:17] [INFO] Combinación de procesos creada en múltiples cocedores
[2025-09-10 12:28:09] [INFO] Verificando validaciones pendientes
[2025-09-10 12:33:09] [INFO] Verificando validaciones pendientes
[2025-09-10 12:33:14] [INFO] Validando consecutividad para relación 8 con fecha 2025-09-10 13:33:00
[2025-09-10 12:33:14] [INFO] Registro horario insertado
[2025-09-10 12:33:14] [INFO] Enviando alerta a Teams 🚨 Parámetros fuera o cerca del rango permitido
[2025-09-10 12:33:14] [INFO] Enviando alerta a Teams 2025-09-10 12:33:14, 🚨 Parámetros fuera o cerca del rango permitido, Array
[2025-09-10 12:33:14] [INFO] 🚀 Enviando alerta a Teams, {"destino":{"tipo":"chat_user","id":"desarrollo@progel.com.mx"},"mensaje":{"type":"AdaptiveCard","version":"1.4","body":[{"type":"TextBlock","text":"🚨 Parámetros fuera o cerca del rango permitido","weight":"bolder","size":"large","color":"attention","wrap":true},{"type":"FactSet","facts":[{"title":"Cocedor:","value":"1"},{"title":"📊 Parámetro:","value":"Flujo cocedor 1"},{"title":"📈 Valor detectado:","value":"105"},{"title":"✅ Rango permitido:","value":"140 - 170"},{"title":"👤 Responsable de registro:","value":"control"}]},{"type":"TextBlock","text":"📅 Fecha de alerta: 2025-09-10 12:33:14","wrap":true,"spacing":"Medium"}],"msteams":{"width":"Full"}}}
[2025-09-10 12:33:14] [INFO] Alerta enviada correctamente
[2025-09-10 12:33:32] [INFO] Validando consecutividad para relación 9 con fecha 2025-09-10 13:33:00
[2025-09-10 12:33:33] [INFO] Registro horario insertado
[2025-09-10 12:33:33] [INFO] Enviando alerta a Teams 🚨 Parámetros fuera o cerca del rango permitido
[2025-09-10 12:33:33] [INFO] Enviando alerta a Teams 2025-09-10 12:33:32, 🚨 Parámetros fuera o cerca del rango permitido, Array
[2025-09-10 12:33:33] [INFO] 🚀 Enviando alerta a Teams, {"destino":{"tipo":"chat_user","id":"desarrollo@progel.com.mx"},"mensaje":{"type":"AdaptiveCard","version":"1.4","body":[{"type":"TextBlock","text":"🚨 Parámetros fuera o cerca del rango permitido","weight":"bolder","size":"large","color":"attention","wrap":true},{"type":"FactSet","facts":[{"title":"Cocedor:","value":"2"},{"title":"📊 Parámetro:","value":"Flujo cocedor 2"},{"title":"📈 Valor detectado:","value":"7"},{"title":"✅ Rango permitido:","value":"140 - 170"},{"title":"👤 Responsable de registro:","value":"control"}]},{"type":"TextBlock","text":"📅 Fecha de alerta: 2025-09-10 12:33:32","wrap":true,"spacing":"Medium"}],"msteams":{"width":"Full"}}}
[2025-09-10 12:33:33] [INFO] Alerta enviada correctamente
[2025-09-10 12:33:42] [INFO] Validando consecutividad para relación 10 con fecha 2025-09-10 13:33:00
[2025-09-10 12:33:42] [INFO] Registro horario insertado
[2025-09-10 12:33:42] [INFO] Enviando alerta a Teams 🚨 Parámetros fuera o cerca del rango permitido
[2025-09-10 12:33:42] [INFO] Enviando alerta a Teams 2025-09-10 12:33:32, 🚨 Parámetros fuera o cerca del rango permitido, Array
[2025-09-10 12:33:42] [INFO] 🚀 Enviando alerta a Teams, {"destino":{"tipo":"chat_user","id":"desarrollo@progel.com.mx"},"mensaje":{"type":"AdaptiveCard","version":"1.4","body":[{"type":"TextBlock","text":"🚨 Parámetros fuera o cerca del rango permitido","weight":"bolder","size":"large","color":"attention","wrap":true},{"type":"FactSet","facts":[{"title":"Cocedor:","value":"2"},{"title":"📊 Parámetro:","value":"Flujo cocedor 2"},{"title":"📈 Valor detectado:","value":"7"},{"title":"✅ Rango permitido:","value":"140 - 170"},{"title":"👤 Responsable de registro:","value":"control"}]},{"type":"TextBlock","text":"📅 Fecha de alerta: 2025-09-10 12:33:32","wrap":true,"spacing":"Medium"}],"msteams":{"width":"Full"}}}
[2025-09-10 12:33:42] [INFO] Alerta enviada correctamente
[2025-09-10 12:33:56] [INFO] Validando consecutividad para relación 11 con fecha 2025-09-10 13:33:00
[2025-09-10 12:33:56] [INFO] Registro horario insertado
[2025-09-10 12:33:56] [INFO] Enviando alerta a Teams 🚨 Parámetros fuera o cerca del rango permitido
[2025-09-10 12:33:56] [INFO] Enviando alerta a Teams 2025-09-10 12:33:32, 🚨 Parámetros fuera o cerca del rango permitido, Array
[2025-09-10 12:33:56] [INFO] 🚀 Enviando alerta a Teams, {"destino":{"tipo":"chat_user","id":"desarrollo@progel.com.mx"},"mensaje":{"type":"AdaptiveCard","version":"1.4","body":[{"type":"TextBlock","text":"🚨 Parámetros fuera o cerca del rango permitido","weight":"bolder","size":"large","color":"attention","wrap":true},{"type":"FactSet","facts":[{"title":"Cocedor:","value":"2"},{"title":"📊 Parámetro:","value":"Flujo cocedor 2"},{"title":"📈 Valor detectado:","value":"7"},{"title":"✅ Rango permitido:","value":"140 - 170"},{"title":"👤 Responsable de registro:","value":"control"}]},{"type":"TextBlock","text":"📅 Fecha de alerta: 2025-09-10 12:33:32","wrap":true,"spacing":"Medium"}],"msteams":{"width":"Full"}}}
[2025-09-10 12:33:57] [INFO] Alerta enviada correctamente
[2025-09-10 12:34:33] [INFO] Validando consecutividad para relación 12 con fecha 2025-09-10 13:34:00
[2025-09-10 12:34:33] [INFO] Registro horario insertado
[2025-09-10 12:34:33] [INFO] Enviando alerta a Teams 🚨 Parámetros fuera o cerca del rango permitido
[2025-09-10 12:34:33] [INFO] Enviando alerta a Teams 2025-09-10 12:33:32, 🚨 Parámetros fuera o cerca del rango permitido, Array
[2025-09-10 12:34:33] [INFO] 🚀 Enviando alerta a Teams, {"destino":{"tipo":"chat_user","id":"desarrollo@progel.com.mx"},"mensaje":{"type":"AdaptiveCard","version":"1.4","body":[{"type":"TextBlock","text":"🚨 Parámetros fuera o cerca del rango permitido","weight":"bolder","size":"large","color":"attention","wrap":true},{"type":"FactSet","facts":[{"title":"Cocedor:","value":"2"},{"title":"📊 Parámetro:","value":"Flujo cocedor 2"},{"title":"📈 Valor detectado:","value":"7"},{"title":"✅ Rango permitido:","value":"140 - 170"},{"title":"👤 Responsable de registro:","value":"control"}]},{"type":"TextBlock","text":"📅 Fecha de alerta: 2025-09-10 12:33:32","wrap":true,"spacing":"Medium"}],"msteams":{"width":"Full"}}}
[2025-09-10 12:34:34] [INFO] Alerta enviada correctamente
[2025-09-10 12:35:23] [INFO] Validando consecutividad para relación 13 con fecha 2025-09-10 13:35:00
[2025-09-10 12:35:23] [INFO] Registro horario insertado
[2025-09-10 12:35:23] [INFO] Enviando alerta a Teams 🚨 Parámetros fuera o cerca del rango permitido
[2025-09-10 12:35:23] [INFO] Enviando alerta a Teams 2025-09-10 12:33:32, 🚨 Parámetros fuera o cerca del rango permitido, Array
[2025-09-10 12:35:23] [INFO] 🚀 Enviando alerta a Teams, {"destino":{"tipo":"chat_user","id":"desarrollo@progel.com.mx"},"mensaje":{"type":"AdaptiveCard","version":"1.4","body":[{"type":"TextBlock","text":"🚨 Parámetros fuera o cerca del rango permitido","weight":"bolder","size":"large","color":"attention","wrap":true},{"type":"FactSet","facts":[{"title":"Cocedor:","value":"2"},{"title":"📊 Parámetro:","value":"Flujo cocedor 2"},{"title":"📈 Valor detectado:","value":"7"},{"title":"✅ Rango permitido:","value":"140 - 170"},{"title":"👤 Responsable de registro:","value":"control"}]},{"type":"TextBlock","text":"📅 Fecha de alerta: 2025-09-10 12:33:32","wrap":true,"spacing":"Medium"}],"msteams":{"width":"Full"}}}
[2025-09-10 12:35:24] [INFO] Alerta enviada correctamente
[2025-09-10 12:35:32] [INFO] Validando consecutividad para relación 14 con fecha 2025-09-10 13:35:00
[2025-09-10 12:35:32] [INFO] Registro horario insertado
[2025-09-10 12:35:32] [INFO] Enviando alerta a Teams 🚨 Parámetros fuera o cerca del rango permitido
[2025-09-10 12:35:32] [INFO] Enviando alerta a Teams 2025-09-10 12:33:32, 🚨 Parámetros fuera o cerca del rango permitido, Array
[2025-09-10 12:35:32] [INFO] 🚀 Enviando alerta a Teams, {"destino":{"tipo":"chat_user","id":"desarrollo@progel.com.mx"},"mensaje":{"type":"AdaptiveCard","version":"1.4","body":[{"type":"TextBlock","text":"🚨 Parámetros fuera o cerca del rango permitido","weight":"bolder","size":"large","color":"attention","wrap":true},{"type":"FactSet","facts":[{"title":"Cocedor:","value":"2"},{"title":"📊 Parámetro:","value":"Flujo cocedor 2"},{"title":"📈 Valor detectado:","value":"7"},{"title":"✅ Rango permitido:","value":"140 - 170"},{"title":"👤 Responsable de registro:","value":"control"}]},{"type":"TextBlock","text":"📅 Fecha de alerta: 2025-09-10 12:33:32","wrap":true,"spacing":"Medium"}],"msteams":{"width":"Full"}}}
[2025-09-10 12:35:33] [INFO] Alerta enviada correctamente
[2025-09-10 12:38:09] [INFO] Verificando validaciones pendientes
[2025-09-10 12:43:09] [INFO] Verificando validaciones pendientes
[2025-09-10 12:48:09] [INFO] Verificando validaciones pendientes
[2025-09-10 12:50:44] [INFO] Mezcla finalizada en cocedor
[2025-09-10 12:53:10] [INFO] Verificando validaciones pendientes
[2025-09-10 12:58:09] [INFO] Verificando validaciones pendientes
[2025-09-10 13:03:09] [INFO] Verificando validaciones pendientes
[2025-09-10 13:08:09] [INFO] Verificando validaciones pendientes
[2025-09-10 13:13:09] [INFO] Verificando validaciones pendientes
[2025-09-10 13:18:09] [INFO] Verificando validaciones pendientes
[2025-09-10 13:23:09] [INFO] Verificando validaciones pendientes
[2025-09-10 13:28:09] [INFO] Verificando validaciones pendientes
[2025-09-10 13:33:09] [INFO] Verificando validaciones pendientes
[2025-09-10 13:38:09] [INFO] Verificando validaciones pendientes
[2025-09-10 13:43:09] [INFO] Verificando validaciones pendientes
[2025-09-10 13:48:09] [INFO] Verificando validaciones pendientes
[2025-09-10 13:53:09] [INFO] Verificando validaciones pendientes
[2025-09-10 13:58:09] [INFO] Verificando validaciones pendientes
[2025-09-10 14:03:09] [INFO] Verificando validaciones pendientes
[2025-09-10 14:08:09] [INFO] Verificando validaciones pendientes
[2025-09-10 14:13:09] [INFO] Verificando validaciones pendientes
[2025-09-10 14:18:09] [INFO] Verificando validaciones pendientes
[2025-09-10 14:23:09] [INFO] Verificando validaciones pendientes
[2025-09-10 14:28:09] [INFO] Verificando validaciones pendientes
[2025-09-10 14:33:09] [INFO] Verificando validaciones pendientes
[2025-09-10 14:38:09] [INFO] Verificando validaciones pendientes
[2025-09-10 14:43:09] [INFO] Verificando validaciones pendientes
[2025-09-10 14:48:09] [INFO] Verificando validaciones pendientes
[2025-09-10 14:53:09] [INFO] Verificando validaciones pendientes
[2025-09-10 14:58:09] [INFO] Verificando validaciones pendientes
[2025-09-10 15:03:09] [INFO] Verificando validaciones pendientes
[2025-09-10 15:08:09] [INFO] Verificando validaciones pendientes
[2025-09-10 15:13:09] [INFO] Verificando validaciones pendientes
[2025-09-10 15:18:09] [INFO] Verificando validaciones pendientes
[2025-09-10 15:23:09] [INFO] Verificando validaciones pendientes
[2025-09-10 15:28:09] [INFO] Verificando validaciones pendientes
[2025-09-10 15:33:09] [INFO] Verificando validaciones pendientes
[2025-09-10 15:38:09] [INFO] Verificando validaciones pendientes
[2025-09-10 15:43:10] [INFO] Verificando validaciones pendientes
[2025-09-10 15:48:09] [INFO] Verificando validaciones pendientes
[2025-09-10 15:53:09] [INFO] Verificando validaciones pendientes
[2025-09-10 15:58:09] [INFO] Verificando validaciones pendientes
[2025-09-10 16:03:09] [INFO] Verificando validaciones pendientes
[2025-09-10 16:08:09] [INFO] Verificando validaciones pendientes
[2025-09-10 16:13:09] [INFO] Verificando validaciones pendientes
[2025-09-10 16:18:10] [INFO] Verificando validaciones pendientes
[2025-09-10 16:23:09] [INFO] Verificando validaciones pendientes
[2025-09-10 16:28:10] [INFO] Verificando validaciones pendientes
[2025-09-10 16:29:11] [INFO] Verificando validaciones pendientes
[2025-09-10 16:33:10] [INFO] Verificando validaciones pendientes
[2025-09-10 16:38:10] [INFO] Verificando validaciones pendientes
[2025-09-10 16:43:10] [INFO] Verificando validaciones pendientes
[2025-09-10 17:38:09] [INFO] Verificando validaciones pendientes
[2025-09-10 17:43:09] [INFO] Verificando validaciones pendientes
[2025-09-10 17:48:09] [INFO] Verificando validaciones pendientes
[2025-09-10 17:53:09] [INFO] Verificando validaciones pendientes
[2025-09-10 17:58:09] [INFO] Verificando validaciones pendientes
[2025-09-10 18:03:09] [INFO] Verificando validaciones pendientes
[2025-09-10 18:08:09] [INFO] Verificando validaciones pendientes
[2025-09-10 18:13:09] [INFO] Verificando validaciones pendientes
[2025-09-10 18:18:09] [INFO] Verificando validaciones pendientes
[2025-09-10 18:23:09] [INFO] Verificando validaciones pendientes
[2025-09-10 18:28:09] [INFO] Verificando validaciones pendientes
[2025-09-10 18:33:09] [INFO] Verificando validaciones pendientes
[2025-09-10 18:38:09] [INFO] Verificando validaciones pendientes
[2025-09-10 18:43:09] [INFO] Verificando validaciones pendientes
[2025-09-10 18:48:09] [INFO] Verificando validaciones pendientes
[2025-09-10 18:53:09] [INFO] Verificando validaciones pendientes
[2025-09-10 18:58:09] [INFO] Verificando validaciones pendientes
[2025-09-10 19:03:09] [INFO] Verificando validaciones pendientes
[2025-09-10 19:08:09] [INFO] Verificando validaciones pendientes
[2025-09-10 19:13:09] [INFO] Verificando validaciones pendientes
[2025-09-10 19:18:09] [INFO] Verificando validaciones pendientes
[2025-09-10 19:23:09] [INFO] Verificando validaciones pendientes
[2025-09-10 19:28:09] [INFO] Verificando validaciones pendientes
[2025-09-10 19:33:09] [INFO] Verificando validaciones pendientes
[2025-09-10 19:38:09] [INFO] Verificando validaciones pendientes
[2025-09-10 19:43:09] [INFO] Verificando validaciones pendientes
[2025-09-10 19:48:09] [INFO] Verificando validaciones pendientes
[2025-09-10 19:53:09] [INFO] Verificando validaciones pendientes
[2025-09-10 19:58:09] [INFO] Verificando validaciones pendientes
[2025-09-10 20:03:09] [INFO] Verificando validaciones pendientes
[2025-09-10 20:08:09] [INFO] Verificando validaciones pendientes
[2025-09-10 20:13:09] [INFO] Verificando validaciones pendientes
[2025-09-10 20:18:09] [INFO] Verificando validaciones pendientes
[2025-09-10 20:23:09] [INFO] Verificando validaciones pendientes
[2025-09-10 20:28:09] [INFO] Verificando validaciones pendientes
[2025-09-10 20:33:09] [INFO] Verificando validaciones pendientes
[2025-09-10 20:38:09] [INFO] Verificando validaciones pendientes
[2025-09-10 20:43:09] [INFO] Verificando validaciones pendientes
[2025-09-10 20:48:09] [INFO] Verificando validaciones pendientes
[2025-09-10 20:53:09] [INFO] Verificando validaciones pendientes
[2025-09-10 20:58:09] [INFO] Verificando validaciones pendientes
[2025-09-10 21:03:09] [INFO] Verificando validaciones pendientes
[2025-09-10 21:08:09] [INFO] Verificando validaciones pendientes
[2025-09-10 21:13:09] [INFO] Verificando validaciones pendientes
[2025-09-10 21:18:09] [INFO] Verificando validaciones pendientes
[2025-09-10 21:23:09] [INFO] Verificando validaciones pendientes
[2025-09-10 21:28:09] [INFO] Verificando validaciones pendientes
[2025-09-10 21:33:09] [INFO] Verificando validaciones pendientes
[2025-09-10 21:38:09] [INFO] Verificando validaciones pendientes
[2025-09-10 21:43:09] [INFO] Verificando validaciones pendientes
[2025-09-10 21:48:09] [INFO] Verificando validaciones pendientes
[2025-09-10 21:53:09] [INFO] Verificando validaciones pendientes
[2025-09-10 21:58:09] [INFO] Verificando validaciones pendientes
[2025-09-10 22:03:09] [INFO] Verificando validaciones pendientes
[2025-09-10 22:08:09] [INFO] Verificando validaciones pendientes
[2025-09-10 22:13:09] [INFO] Verificando validaciones pendientes
[2025-09-10 22:18:09] [INFO] Verificando validaciones pendientes
[2025-09-10 22:23:09] [INFO] Verificando validaciones pendientes
[2025-09-10 22:28:09] [INFO] Verificando validaciones pendientes
[2025-09-10 22:33:09] [INFO] Verificando validaciones pendientes
[2025-09-10 22:38:09] [INFO] Verificando validaciones pendientes
[2025-09-10 22:43:11] [INFO] Verificando validaciones pendientes
[2025-09-10 22:48:09] [INFO] Verificando validaciones pendientes
[2025-09-10 22:53:09] [INFO] Verificando validaciones pendientes
[2025-09-10 22:58:09] [INFO] Verificando validaciones pendientes
[2025-09-10 23:03:09] [INFO] Verificando validaciones pendientes
[2025-09-10 23:08:09] [INFO] Verificando validaciones pendientes
[2025-09-10 23:13:10] [INFO] Verificando validaciones pendientes
[2025-09-10 23:18:10] [INFO] Verificando validaciones pendientes
[2025-09-10 23:23:09] [INFO] Verificando validaciones pendientes
[2025-09-10 23:28:09] [INFO] Verificando validaciones pendientes
[2025-09-10 23:33:09] [INFO] Verificando validaciones pendientes
[2025-09-10 23:38:09] [INFO] Verificando validaciones pendientes
[2025-09-10 23:43:09] [INFO] Verificando validaciones pendientes
[2025-09-10 23:48:10] [INFO] Verificando validaciones pendientes
[2025-09-10 23:53:09] [INFO] Verificando validaciones pendientes
[2025-09-10 23:58:10] [INFO] Verificando validaciones pendientes
[2025-09-11 00:03:09] [INFO] Verificando validaciones pendientes
[2025-09-11 00:08:09] [INFO] Verificando validaciones pendientes
[2025-09-11 00:13:09] [INFO] Verificando validaciones pendientes
[2025-09-11 00:18:09] [INFO] Verificando validaciones pendientes
[2025-09-11 00:23:09] [INFO] Verificando validaciones pendientes
[2025-09-11 00:28:09] [INFO] Verificando validaciones pendientes
[2025-09-11 00:33:10] [INFO] Verificando validaciones pendientes
[2025-09-11 00:38:10] [INFO] Verificando validaciones pendientes
[2025-09-11 00:43:10] [INFO] Verificando validaciones pendientes
[2025-09-11 00:48:10] [INFO] Verificando validaciones pendientes
[2025-09-11 00:53:10] [INFO] Verificando validaciones pendientes
[2025-09-11 00:58:10] [INFO] Verificando validaciones pendientes
[2025-09-11 01:03:10] [INFO] Verificando validaciones pendientes
[2025-09-11 01:08:10] [INFO] Verificando validaciones pendientes
[2025-09-11 01:13:10] [INFO] Verificando validaciones pendientes
[2025-09-11 01:18:10] [INFO] Verificando validaciones pendientes
[2025-09-11 01:23:10] [INFO] Verificando validaciones pendientes
[2025-09-11 01:28:09] [INFO] Verificando validaciones pendientes
[2025-09-11 01:33:09] [INFO] Verificando validaciones pendientes
[2025-09-11 01:38:09] [INFO] Verificando validaciones pendientes
[2025-09-11 01:43:09] [INFO] Verificando validaciones pendientes
[2025-09-11 01:48:09] [INFO] Verificando validaciones pendientes
[2025-09-11 01:53:09] [INFO] Verificando validaciones pendientes
[2025-09-11 01:58:09] [INFO] Verificando validaciones pendientes
[2025-09-11 02:03:09] [INFO] Verificando validaciones pendientes
[2025-09-11 02:08:09] [INFO] Verificando validaciones pendientes
[2025-09-11 02:13:09] [INFO] Verificando validaciones pendientes
[2025-09-11 02:18:09] [INFO] Verificando validaciones pendientes
[2025-09-11 02:23:09] [INFO] Verificando validaciones pendientes
[2025-09-11 02:28:09] [INFO] Verificando validaciones pendientes
[2025-09-11 02:33:09] [INFO] Verificando validaciones pendientes
[2025-09-11 02:38:09] [INFO] Verificando validaciones pendientes
[2025-09-11 02:43:09] [INFO] Verificando validaciones pendientes
[2025-09-11 02:48:09] [INFO] Verificando validaciones pendientes
[2025-09-11 02:53:09] [INFO] Verificando validaciones pendientes
[2025-09-11 02:58:09] [INFO] Verificando validaciones pendientes
[2025-09-11 03:03:09] [INFO] Verificando validaciones pendientes
[2025-09-11 03:08:09] [INFO] Verificando validaciones pendientes
[2025-09-11 03:13:09] [INFO] Verificando validaciones pendientes
[2025-09-11 03:18:09] [INFO] Verificando validaciones pendientes
[2025-09-11 03:23:09] [INFO] Verificando validaciones pendientes
[2025-09-11 03:28:09] [INFO] Verificando validaciones pendientes
[2025-09-11 03:33:09] [INFO] Verificando validaciones pendientes
[2025-09-11 03:38:09] [INFO] Verificando validaciones pendientes
[2025-09-11 03:43:09] [INFO] Verificando validaciones pendientes
[2025-09-11 03:48:09] [INFO] Verificando validaciones pendientes
[2025-09-11 03:53:09] [INFO] Verificando validaciones pendientes
[2025-09-11 03:58:09] [INFO] Verificando validaciones pendientes
[2025-09-11 04:03:09] [INFO] Verificando validaciones pendientes
[2025-09-11 04:08:09] [INFO] Verificando validaciones pendientes
[2025-09-11 04:13:09] [INFO] Verificando validaciones pendientes
[2025-09-11 04:18:09] [INFO] Verificando validaciones pendientes
[2025-09-11 04:23:09] [INFO] Verificando validaciones pendientes
[2025-09-11 04:28:09] [INFO] Verificando validaciones pendientes
[2025-09-11 04:33:09] [INFO] Verificando validaciones pendientes
[2025-09-11 04:38:09] [INFO] Verificando validaciones pendientes
[2025-09-11 04:43:09] [INFO] Verificando validaciones pendientes
[2025-09-11 04:48:10] [INFO] Verificando validaciones pendientes
[2025-09-11 04:53:09] [INFO] Verificando validaciones pendientes
[2025-09-11 04:58:09] [INFO] Verificando validaciones pendientes
[2025-09-11 05:03:09] [INFO] Verificando validaciones pendientes
[2025-09-11 05:08:09] [INFO] Verificando validaciones pendientes
[2025-09-11 05:13:09] [INFO] Verificando validaciones pendientes
[2025-09-11 05:18:09] [INFO] Verificando validaciones pendientes
[2025-09-11 05:23:09] [INFO] Verificando validaciones pendientes
[2025-09-11 05:28:09] [INFO] Verificando validaciones pendientes
[2025-09-11 05:33:09] [INFO] Verificando validaciones pendientes
[2025-09-11 05:38:09] [INFO] Verificando validaciones pendientes
[2025-09-11 05:43:09] [INFO] Verificando validaciones pendientes
[2025-09-11 05:48:09] [INFO] Verificando validaciones pendientes
[2025-09-11 05:53:09] [INFO] Verificando validaciones pendientes
[2025-09-11 05:58:09] [INFO] Verificando validaciones pendientes
[2025-09-11 06:03:09] [INFO] Verificando validaciones pendientes
[2025-09-11 06:08:09] [INFO] Verificando validaciones pendientes
[2025-09-11 06:13:09] [INFO] Verificando validaciones pendientes
[2025-09-11 06:18:09] [INFO] Verificando validaciones pendientes
[2025-09-11 06:23:09] [INFO] Verificando validaciones pendientes
[2025-09-11 06:28:09] [INFO] Verificando validaciones pendientes
[2025-09-11 06:33:09] [INFO] Verificando validaciones pendientes
[2025-09-11 06:38:09] [INFO] Verificando validaciones pendientes
[2025-09-11 06:43:09] [INFO] Verificando validaciones pendientes
[2025-09-11 06:48:10] [INFO] Verificando validaciones pendientes
[2025-09-11 06:53:09] [INFO] Verificando validaciones pendientes
[2025-09-11 06:58:09] [INFO] Verificando validaciones pendientes
[2025-09-11 07:03:10] [INFO] Verificando validaciones pendientes
[2025-09-11 07:08:09] [INFO] Verificando validaciones pendientes
[2025-09-11 07:13:09] [INFO] Verificando validaciones pendientes
[2025-09-11 07:18:09] [INFO] Verificando validaciones pendientes
[2025-09-11 07:23:09] [INFO] Verificando validaciones pendientes
[2025-09-11 07:28:09] [INFO] Verificando validaciones pendientes
[2025-09-11 07:33:10] [INFO] Verificando validaciones pendientes
[2025-09-11 07:38:09] [INFO] Verificando validaciones pendientes
[2025-09-11 07:43:09] [INFO] Verificando validaciones pendientes
[2025-09-11 07:48:09] [INFO] Verificando validaciones pendientes
[2025-09-11 07:53:09] [INFO] Verificando validaciones pendientes
[2025-09-11 07:58:09] [INFO] Verificando validaciones pendientes
[2025-09-11 08:03:10] [INFO] Verificando validaciones pendientes
[2025-09-11 08:08:10] [INFO] Verificando validaciones pendientes
[2025-09-11 08:13:10] [INFO] Verificando validaciones pendientes
[2025-09-11 08:18:10] [INFO] Verificando validaciones pendientes
[2025-09-11 08:23:09] [INFO] Verificando validaciones pendientes
[2025-09-11 08:28:10] [INFO] Verificando validaciones pendientes
[2025-09-11 08:33:09] [INFO] Verificando validaciones pendientes
[2025-09-11 08:38:10] [INFO] Verificando validaciones pendientes
[2025-09-11 08:43:10] [INFO] Verificando validaciones pendientes
[2025-09-11 08:48:09] [INFO] Verificando validaciones pendientes
[2025-09-11 08:53:09] [INFO] Verificando validaciones pendientes
[2025-09-11 08:58:10] [INFO] Verificando validaciones pendientes
[2025-09-11 09:03:10] [INFO] Verificando validaciones pendientes
[2025-09-11 09:08:10] [INFO] Verificando validaciones pendientes
[2025-09-11 09:13:10] [INFO] Verificando validaciones pendientes
[2025-09-11 09:18:10] [INFO] Verificando validaciones pendientes
[2025-09-11 09:23:10] [INFO] Verificando validaciones pendientes
[2025-09-11 09:28:10] [INFO] Verificando validaciones pendientes
[2025-09-11 09:33:10] [INFO] Verificando validaciones pendientes
[2025-09-11 09:38:10] [INFO] Verificando validaciones pendientes
[2025-09-11 09:43:10] [INFO] Verificando validaciones pendientes
[2025-09-11 09:48:10] [INFO] Verificando validaciones pendientes
[2025-09-11 09:53:09] [INFO] Verificando validaciones pendientes
[2025-09-11 09:58:09] [INFO] Verificando validaciones pendientes
[2025-09-11 10:03:09] [INFO] Verificando validaciones pendientes
[2025-09-11 10:08:09] [INFO] Verificando validaciones pendientes
[2025-09-11 10:13:09] [INFO] Verificando validaciones pendientes
[2025-09-11 10:18:09] [INFO] Verificando validaciones pendientes
[2025-09-11 10:23:09] [INFO] Verificando validaciones pendientes
[2025-09-11 10:28:09] [INFO] Verificando validaciones pendientes
[2025-09-11 10:33:09] [INFO] Verificando validaciones pendientes
[2025-09-11 10:38:09] [INFO] Verificando validaciones pendientes
[2025-09-11 10:43:09] [INFO] Verificando validaciones pendientes
[2025-09-11 10:48:09] [INFO] Verificando validaciones pendientes
[2025-09-11 10:53:09] [INFO] Verificando validaciones pendientes
[2025-09-11 10:58:09] [INFO] Verificando validaciones pendientes
[2025-09-11 11:03:09] [INFO] Verificando validaciones pendientes
[2025-09-11 11:08:09] [INFO] Verificando validaciones pendientes
[2025-09-11 11:13:09] [INFO] Verificando validaciones pendientes
[2025-09-11 11:18:09] [INFO] Verificando validaciones pendientes
[2025-09-11 11:23:09] [INFO] Verificando validaciones pendientes
[2025-09-11 11:28:09] [INFO] Verificando validaciones pendientes
[2025-09-11 11:33:09] [INFO] Verificando validaciones pendientes
[2025-09-11 11:38:09] [INFO] Verificando validaciones pendientes
[2025-09-11 11:43:09] [INFO] Verificando validaciones pendientes
[2025-09-11 11:48:09] [INFO] Verificando validaciones pendientes
[2025-09-11 11:53:09] [INFO] Verificando validaciones pendientes
[2025-09-11 11:58:09] [INFO] Verificando validaciones pendientes
[2025-09-11 12:03:09] [INFO] Verificando validaciones pendientes
[2025-09-11 12:08:10] [INFO] Verificando validaciones pendientes
[2025-09-11 12:13:09] [INFO] Verificando validaciones pendientes
[2025-09-11 12:18:09] [INFO] Verificando validaciones pendientes
[2025-09-11 12:23:09] [INFO] Verificando validaciones pendientes
[2025-09-11 12:28:09] [INFO] Verificando validaciones pendientes
[2025-09-11 12:33:09] [INFO] Verificando validaciones pendientes
[2025-09-11 12:38:09] [INFO] Verificando validaciones pendientes
[2025-09-11 12:43:09] [INFO] Verificando validaciones pendientes
[2025-09-11 12:48:09] [INFO] Verificando validaciones pendientes
[2025-09-11 12:53:09] [INFO] Verificando validaciones pendientes
[2025-09-11 12:58:09] [INFO] Verificando validaciones pendientes
[2025-09-11 13:03:09] [INFO] Verificando validaciones pendientes
[2025-09-11 13:08:09] [INFO] Verificando validaciones pendientes
[2025-09-11 13:13:09] [INFO] Verificando validaciones pendientes
[2025-09-11 13:18:09] [INFO] Verificando validaciones pendientes
[2025-09-11 13:23:09] [INFO] Verificando validaciones pendientes
[2025-09-11 13:28:09] [INFO] Verificando validaciones pendientes
[2025-09-11 13:33:09] [INFO] Verificando validaciones pendientes
[2025-09-11 13:38:09] [INFO] Verificando validaciones pendientes
[2025-09-11 13:43:09] [INFO] Verificando validaciones pendientes
[2025-09-11 13:48:09] [INFO] Verificando validaciones pendientes
[2025-09-11 13:53:09] [INFO] Verificando validaciones pendientes
[2025-09-11 13:58:09] [INFO] Verificando validaciones pendientes
[2025-09-11 14:03:09] [INFO] Verificando validaciones pendientes
[2025-09-11 14:08:09] [INFO] Verificando validaciones pendientes
[2025-09-11 14:13:09] [INFO] Verificando validaciones pendientes
[2025-09-11 14:18:09] [INFO] Verificando validaciones pendientes
[2025-09-11 14:23:09] [INFO] Verificando validaciones pendientes
[2025-09-11 14:28:09] [INFO] Verificando validaciones pendientes
[2025-09-11 14:33:09] [INFO] Verificando validaciones pendientes
[2025-09-11 14:38:09] [INFO] Verificando validaciones pendientes
[2025-09-11 14:43:09] [INFO] Verificando validaciones pendientes
[2025-09-11 14:48:09] [INFO] Verificando validaciones pendientes
[2025-09-11 14:53:09] [INFO] Verificando validaciones pendientes
[2025-09-11 14:58:09] [INFO] Verificando validaciones pendientes
[2025-09-11 15:03:09] [INFO] Verificando validaciones pendientes
[2025-09-11 15:08:09] [INFO] Verificando validaciones pendientes
[2025-09-11 15:13:09] [INFO] Verificando validaciones pendientes
[2025-09-11 15:18:09] [INFO] Verificando validaciones pendientes
[2025-09-11 15:23:09] [INFO] Verificando validaciones pendientes
[2025-09-11 15:28:09] [INFO] Verificando validaciones pendientes
[2025-09-11 15:33:09] [INFO] Verificando validaciones pendientes
[2025-09-11 15:38:09] [INFO] Verificando validaciones pendientes
[2025-09-11 15:43:09] [INFO] Verificando validaciones pendientes
[2025-09-11 15:48:09] [INFO] Verificando validaciones pendientes
[2025-09-11 15:53:09] [INFO] Verificando validaciones pendientes
[2025-09-11 15:58:09] [INFO] Verificando validaciones pendientes
[2025-09-11 16:03:09] [INFO] Verificando validaciones pendientes
[2025-09-11 16:08:09] [INFO] Verificando validaciones pendientes
[2025-09-11 16:13:09] [INFO] Verificando validaciones pendientes
[2025-09-11 16:18:09] [INFO] Verificando validaciones pendientes
[2025-09-11 16:23:09] [INFO] Verificando validaciones pendientes
[2025-09-11 16:28:09] [INFO] Verificando validaciones pendientes
[2025-09-11 16:33:09] [INFO] Verificando validaciones pendientes
[2025-09-11 16:38:10] [INFO] Verificando validaciones pendientes
[2025-09-11 16:43:09] [INFO] Verificando validaciones pendientes
[2025-09-11 16:48:09] [INFO] Verificando validaciones pendientes
[2025-09-11 16:53:09] [INFO] Verificando validaciones pendientes
[2025-09-11 16:58:09] [INFO] Verificando validaciones pendientes
[2025-09-11 17:03:09] [INFO] Verificando validaciones pendientes
[2025-09-11 17:08:09] [INFO] Verificando validaciones pendientes
[2025-09-11 17:13:09] [INFO] Verificando validaciones pendientes
[2025-09-11 17:18:09] [INFO] Verificando validaciones pendientes
[2025-09-11 17:23:09] [INFO] Verificando validaciones pendientes
[2025-09-11 17:28:09] [INFO] Verificando validaciones pendientes
[2025-09-11 17:33:09] [INFO] Verificando validaciones pendientes
[2025-09-11 17:38:10] [INFO] Verificando validaciones pendientes
[2025-09-11 17:43:09] [INFO] Verificando validaciones pendientes
[2025-09-11 17:48:10] [INFO] Verificando validaciones pendientes
[2025-09-11 17:53:09] [INFO] Verificando validaciones pendientes
[2025-09-11 17:58:09] [INFO] Verificando validaciones pendientes
[2025-09-11 18:03:09] [INFO] Verificando validaciones pendientes
[2025-09-11 18:08:09] [INFO] Verificando validaciones pendientes
[2025-09-11 18:13:09] [INFO] Verificando validaciones pendientes
[2025-09-11 18:18:09] [INFO] Verificando validaciones pendientes
[2025-09-11 18:23:09] [INFO] Verificando validaciones pendientes
[2025-09-11 18:28:09] [INFO] Verificando validaciones pendientes
[2025-09-11 18:33:09] [INFO] Verificando validaciones pendientes
[2025-09-11 18:38:10] [INFO] Verificando validaciones pendientes
[2025-09-11 18:43:10] [INFO] Verificando validaciones pendientes
[2025-09-11 18:48:10] [INFO] Verificando validaciones pendientes
[2025-09-11 18:53:10] [INFO] Verificando validaciones pendientes
[2025-09-11 18:58:10] [INFO] Verificando validaciones pendientes
[2025-09-11 19:03:10] [INFO] Verificando validaciones pendientes
[2025-09-11 19:08:10] [INFO] Verificando validaciones pendientes
[2025-09-11 19:13:09] [INFO] Verificando validaciones pendientes
[2025-09-11 19:18:09] [INFO] Verificando validaciones pendientes
[2025-09-11 19:23:09] [INFO] Verificando validaciones pendientes
[2025-09-11 19:28:09] [INFO] Verificando validaciones pendientes
[2025-09-11 19:33:09] [INFO] Verificando validaciones pendientes
[2025-09-11 19:38:09] [INFO] Verificando validaciones pendientes
[2025-09-11 19:43:09] [INFO] Verificando validaciones pendientes
[2025-09-11 19:48:09] [INFO] Verificando validaciones pendientes
[2025-09-11 19:53:09] [INFO] Verificando validaciones pendientes
[2025-09-11 19:58:09] [INFO] Verificando validaciones pendientes
[2025-09-11 20:03:09] [INFO] Verificando validaciones pendientes
[2025-09-11 20:08:09] [INFO] Verificando validaciones pendientes
[2025-09-11 20:13:09] [INFO] Verificando validaciones pendientes
[2025-09-11 20:18:09] [INFO] Verificando validaciones pendientes
[2025-09-11 20:23:09] [INFO] Verificando validaciones pendientes
[2025-09-11 20:28:09] [INFO] Verificando validaciones pendientes
[2025-09-11 20:33:09] [INFO] Verificando validaciones pendientes
[2025-09-11 20:38:09] [INFO] Verificando validaciones pendientes
[2025-09-11 20:43:09] [INFO] Verificando validaciones pendientes
[2025-09-11 20:48:09] [INFO] Verificando validaciones pendientes
[2025-09-11 20:53:09] [INFO] Verificando validaciones pendientes
[2025-09-11 20:58:09] [INFO] Verificando validaciones pendientes
[2025-09-11 21:03:09] [INFO] Verificando validaciones pendientes
[2025-09-11 21:08:09] [INFO] Verificando validaciones pendientes
[2025-09-11 21:13:09] [INFO] Verificando validaciones pendientes
[2025-09-11 21:18:09] [INFO] Verificando validaciones pendientes
[2025-09-11 21:23:09] [INFO] Verificando validaciones pendientes
[2025-09-11 21:28:09] [INFO] Verificando validaciones pendientes
[2025-09-11 21:33:09] [INFO] Verificando validaciones pendientes
[2025-09-11 21:38:09] [INFO] Verificando validaciones pendientes
[2025-09-11 21:43:09] [INFO] Verificando validaciones pendientes
[2025-09-11 21:48:09] [INFO] Verificando validaciones pendientes
[2025-09-11 21:53:09] [INFO] Verificando validaciones pendientes
[2025-09-11 21:58:09] [INFO] Verificando validaciones pendientes
[2025-09-11 22:03:09] [INFO] Verificando validaciones pendientes
[2025-09-11 22:08:09] [INFO] Verificando validaciones pendientes
[2025-09-11 22:13:09] [INFO] Verificando validaciones pendientes
[2025-09-11 22:18:09] [INFO] Verificando validaciones pendientes
[2025-09-11 22:23:09] [INFO] Verificando validaciones pendientes
[2025-09-11 22:28:09] [INFO] Verificando validaciones pendientes
[2025-09-11 22:33:09] [INFO] Verificando validaciones pendientes
[2025-09-11 22:38:09] [INFO] Verificando validaciones pendientes
[2025-09-11 22:43:09] [INFO] Verificando validaciones pendientes
[2025-09-11 22:48:09] [INFO] Verificando validaciones pendientes
[2025-09-11 22:53:09] [INFO] Verificando validaciones pendientes
[2025-09-11 22:58:09] [INFO] Verificando validaciones pendientes
[2025-09-11 23:03:09] [INFO] Verificando validaciones pendientes
[2025-09-11 23:08:09] [INFO] Verificando validaciones pendientes
[2025-09-11 23:13:09] [INFO] Verificando validaciones pendientes
[2025-09-11 23:18:09] [INFO] Verificando validaciones pendientes
[2025-09-11 23:23:09] [INFO] Verificando validaciones pendientes
[2025-09-11 23:28:09] [INFO] Verificando validaciones pendientes
[2025-09-11 23:33:09] [INFO] Verificando validaciones pendientes
[2025-09-11 23:38:09] [INFO] Verificando validaciones pendientes
[2025-09-11 23:43:09] [INFO] Verificando validaciones pendientes
[2025-09-11 23:48:09] [INFO] Verificando validaciones pendientes
[2025-09-11 23:53:09] [INFO] Verificando validaciones pendientes
[2025-09-11 23:58:10] [INFO] Verificando validaciones pendientes
[2025-09-12 00:03:09] [INFO] Verificando validaciones pendientes
[2025-09-12 00:08:09] [INFO] Verificando validaciones pendientes
[2025-09-12 00:13:10] [INFO] Verificando validaciones pendientes
[2025-09-12 00:18:09] [INFO] Verificando validaciones pendientes
[2025-09-12 00:23:09] [INFO] Verificando validaciones pendientes
[2025-09-12 00:28:10] [INFO] Verificando validaciones pendientes
[2025-09-12 00:33:09] [INFO] Verificando validaciones pendientes
[2025-09-12 00:38:11] [INFO] Verificando validaciones pendientes
[2025-09-12 00:43:09] [INFO] Verificando validaciones pendientes
[2025-09-12 00:48:11] [INFO] Verificando validaciones pendientes
[2025-09-12 00:53:09] [INFO] Verificando validaciones pendientes
[2025-09-12 00:58:09] [INFO] Verificando validaciones pendientes
[2025-09-12 01:03:09] [INFO] Verificando validaciones pendientes
[2025-09-12 01:08:09] [INFO] Verificando validaciones pendientes
[2025-09-12 01:13:10] [INFO] Verificando validaciones pendientes
[2025-09-12 01:18:09] [INFO] Verificando validaciones pendientes
[2025-09-12 01:23:09] [INFO] Verificando validaciones pendientes
[2025-09-12 01:28:09] [INFO] Verificando validaciones pendientes
[2025-09-12 01:33:09] [INFO] Verificando validaciones pendientes
[2025-09-12 01:38:11] [INFO] Verificando validaciones pendientes
[2025-09-12 01:43:10] [INFO] Verificando validaciones pendientes
[2025-09-12 01:48:10] [INFO] Verificando validaciones pendientes
[2025-09-12 01:53:10] [INFO] Verificando validaciones pendientes
[2025-09-12 01:58:10] [INFO] Verificando validaciones pendientes
[2025-09-12 02:03:10] [INFO] Verificando validaciones pendientes
[2025-09-12 02:08:10] [INFO] Verificando validaciones pendientes
[2025-09-12 02:13:10] [INFO] Verificando validaciones pendientes
[2025-09-12 02:18:10] [INFO] Verificando validaciones pendientes
[2025-09-12 02:23:09] [INFO] Verificando validaciones pendientes
[2025-09-12 02:28:09] [INFO] Verificando validaciones pendientes
[2025-09-12 02:33:09] [INFO] Verificando validaciones pendientes
[2025-09-12 02:38:09] [INFO] Verificando validaciones pendientes
[2025-09-12 02:43:09] [INFO] Verificando validaciones pendientes
[2025-09-12 02:48:09] [INFO] Verificando validaciones pendientes
[2025-09-12 02:53:09] [INFO] Verificando validaciones pendientes
[2025-09-12 02:58:09] [INFO] Verificando validaciones pendientes
[2025-09-12 03:03:09] [INFO] Verificando validaciones pendientes
[2025-09-12 03:08:09] [INFO] Verificando validaciones pendientes
[2025-09-12 03:13:09] [INFO] Verificando validaciones pendientes
[2025-09-12 03:18:09] [INFO] Verificando validaciones pendientes
[2025-09-12 03:23:09] [INFO] Verificando validaciones pendientes
[2025-09-12 03:28:09] [INFO] Verificando validaciones pendientes
[2025-09-12 03:33:09] [INFO] Verificando validaciones pendientes
[2025-09-12 03:38:09] [INFO] Verificando validaciones pendientes
[2025-09-12 03:43:09] [INFO] Verificando validaciones pendientes
[2025-09-12 03:48:09] [INFO] Verificando validaciones pendientes
[2025-09-12 03:53:09] [INFO] Verificando validaciones pendientes
[2025-09-12 03:58:09] [INFO] Verificando validaciones pendientes
[2025-09-12 04:03:09] [INFO] Verificando validaciones pendientes
[2025-09-12 04:08:09] [INFO] Verificando validaciones pendientes
[2025-09-12 04:13:09] [INFO] Verificando validaciones pendientes
[2025-09-12 04:18:09] [INFO] Verificando validaciones pendientes
[2025-09-12 04:23:09] [INFO] Verificando validaciones pendientes
[2025-09-12 04:28:09] [INFO] Verificando validaciones pendientes
[2025-09-12 04:33:09] [INFO] Verificando validaciones pendientes
[2025-09-12 04:38:09] [INFO] Verificando validaciones pendientes
[2025-09-12 04:43:09] [INFO] Verificando validaciones pendientes
[2025-09-12 04:48:09] [INFO] Verificando validaciones pendientes
[2025-09-12 04:53:09] [INFO] Verificando validaciones pendientes
[2025-09-12 04:58:09] [INFO] Verificando validaciones pendientes
[2025-09-12 05:03:09] [INFO] Verificando validaciones pendientes
[2025-09-12 05:08:09] [INFO] Verificando validaciones pendientes
[2025-09-12 05:13:09] [INFO] Verificando validaciones pendientes
[2025-09-12 05:18:09] [INFO] Verificando validaciones pendientes
[2025-09-12 05:23:09] [INFO] Verificando validaciones pendientes
[2025-09-12 05:28:09] [INFO] Verificando validaciones pendientes
[2025-09-12 05:33:09] [INFO] Verificando validaciones pendientes
[2025-09-12 05:38:09] [INFO] Verificando validaciones pendientes
[2025-09-12 05:43:09] [INFO] Verificando validaciones pendientes
[2025-09-12 05:48:09] [INFO] Verificando validaciones pendientes
[2025-09-12 05:53:09] [INFO] Verificando validaciones pendientes
[2025-09-12 05:58:09] [INFO] Verificando validaciones pendientes
[2025-09-12 06:03:09] [INFO] Verificando validaciones pendientes
[2025-09-12 06:08:09] [INFO] Verificando validaciones pendientes
[2025-09-12 06:13:09] [INFO] Verificando validaciones pendientes
[2025-09-12 06:18:09] [INFO] Verificando validaciones pendientes
[2025-09-12 06:23:09] [INFO] Verificando validaciones pendientes
[2025-09-12 06:28:09] [INFO] Verificando validaciones pendientes
[2025-09-12 06:33:09] [INFO] Verificando validaciones pendientes
[2025-09-12 06:38:09] [INFO] Verificando validaciones pendientes
[2025-09-12 06:43:09] [INFO] Verificando validaciones pendientes
[2025-09-12 06:48:09] [INFO] Verificando validaciones pendientes
[2025-09-12 06:53:09] [INFO] Verificando validaciones pendientes
[2025-09-12 06:58:09] [INFO] Verificando validaciones pendientes
[2025-09-12 07:03:09] [INFO] Verificando validaciones pendientes
[2025-09-12 07:08:09] [INFO] Verificando validaciones pendientes
[2025-09-12 07:13:09] [INFO] Verificando validaciones pendientes
[2025-09-12 07:18:09] [INFO] Verificando validaciones pendientes
[2025-09-12 07:23:09] [INFO] Verificando validaciones pendientes
[2025-09-12 07:28:09] [INFO] Verificando validaciones pendientes
[2025-09-12 07:33:09] [INFO] Verificando validaciones pendientes
[2025-09-12 07:38:09] [INFO] Verificando validaciones pendientes
[2025-09-12 07:43:09] [INFO] Verificando validaciones pendientes
[2025-09-12 07:48:09] [INFO] Verificando validaciones pendientes
[2025-09-12 07:53:09] [INFO] Verificando validaciones pendientes
[2025-09-12 07:58:09] [INFO] Verificando validaciones pendientes
[2025-09-12 08:03:10] [INFO] Verificando validaciones pendientes
[2025-09-12 08:08:10] [INFO] Verificando validaciones pendientes
[2025-09-12 08:13:09] [INFO] Verificando validaciones pendientes
[2025-09-12 08:18:09] [INFO] Verificando validaciones pendientes
[2025-09-12 08:23:09] [INFO] Verificando validaciones pendientes
[2025-09-12 08:28:09] [INFO] Verificando validaciones pendientes
[2025-09-12 08:33:09] [INFO] Verificando validaciones pendientes
[2025-09-12 08:38:09] [INFO] Verificando validaciones pendientes
[2025-09-12 08:43:09] [INFO] Verificando validaciones pendientes
[2025-09-12 08:48:09] [INFO] Verificando validaciones pendientes
[2025-09-12 08:53:09] [INFO] Verificando validaciones pendientes
[2025-09-12 08:58:09] [INFO] Verificando validaciones pendientes
[2025-09-12 09:03:10] [INFO] Verificando validaciones pendientes
[2025-09-12 09:08:09] [INFO] Verificando validaciones pendientes
[2025-09-12 09:13:10] [INFO] Verificando validaciones pendientes
[2025-09-12 09:18:09] [INFO] Verificando validaciones pendientes
[2025-09-12 09:23:09] [INFO] Verificando validaciones pendientes
[2025-09-12 09:28:09] [INFO] Verificando validaciones pendientes
[2025-09-12 09:33:09] [INFO] Verificando validaciones pendientes
[2025-09-12 09:38:09] [INFO] Verificando validaciones pendientes
[2025-09-12 09:43:10] [INFO] Verificando validaciones pendientes
[2025-09-12 09:48:10] [INFO] Verificando validaciones pendientes
[2025-09-12 09:53:09] [INFO] Verificando validaciones pendientes
[2025-09-12 09:58:09] [INFO] Verificando validaciones pendientes
[2025-09-12 10:03:10] [INFO] Verificando validaciones pendientes
[2025-09-12 10:08:10] [INFO] Verificando validaciones pendientes
[2025-09-12 10:13:10] [INFO] Verificando validaciones pendientes
[2025-09-12 10:18:10] [INFO] Verificando validaciones pendientes
[2025-09-12 10:23:10] [INFO] Verificando validaciones pendientes
[2025-09-12 10:28:10] [INFO] Verificando validaciones pendientes
[2025-09-12 10:33:10] [INFO] Verificando validaciones pendientes
[2025-09-12 10:38:10] [INFO] Verificando validaciones pendientes
[2025-09-12 10:43:10] [INFO] Verificando validaciones pendientes
[2025-09-12 10:48:10] [INFO] Verificando validaciones pendientes
[2025-09-12 10:53:10] [INFO] Verificando validaciones pendientes
[2025-09-12 10:58:10] [INFO] Verificando validaciones pendientes
[2025-09-12 11:03:09] [INFO] Verificando validaciones pendientes
[2025-09-12 11:08:09] [INFO] Verificando validaciones pendientes
[2025-09-12 11:13:09] [INFO] Verificando validaciones pendientes
[2025-09-12 11:18:09] [INFO] Verificando validaciones pendientes
[2025-09-12 11:23:09] [INFO] Verificando validaciones pendientes
[2025-09-12 11:28:09] [INFO] Verificando validaciones pendientes
[2025-09-12 11:33:09] [INFO] Verificando validaciones pendientes
[2025-09-12 11:38:09] [INFO] Verificando validaciones pendientes
[2025-09-12 11:43:09] [INFO] Verificando validaciones pendientes
[2025-09-12 11:48:09] [INFO] Verificando validaciones pendientes
[2025-09-12 11:53:09] [INFO] Verificando validaciones pendientes
[2025-09-12 11:58:09] [INFO] Verificando validaciones pendientes
[2025-09-12 12:03:09] [INFO] Verificando validaciones pendientes
[2025-09-12 12:08:09] [INFO] Verificando validaciones pendientes
[2025-09-12 12:13:09] [INFO] Verificando validaciones pendientes
[2025-09-12 12:18:09] [INFO] Verificando validaciones pendientes
[2025-09-12 12:23:09] [INFO] Verificando validaciones pendientes
[2025-09-12 12:28:09] [INFO] Verificando validaciones pendientes
[2025-09-12 12:33:09] [INFO] Verificando validaciones pendientes
[2025-09-12 12:38:09] [INFO] Verificando validaciones pendientes
[2025-09-12 12:43:09] [INFO] Verificando validaciones pendientes
[2025-09-12 12:48:09] [INFO] Verificando validaciones pendientes
[2025-09-12 12:53:09] [INFO] Verificando validaciones pendientes
[2025-09-12 12:58:09] [INFO] Verificando validaciones pendientes
[2025-09-12 13:03:12] [INFO] Verificando validaciones pendientes
[2025-09-12 13:08:09] [INFO] Verificando validaciones pendientes
[2025-09-12 13:13:09] [INFO] Verificando validaciones pendientes
[2025-09-12 13:18:09] [INFO] Verificando validaciones pendientes
[2025-09-12 13:23:09] [INFO] Verificando validaciones pendientes
[2025-09-12 13:28:09] [INFO] Verificando validaciones pendientes
[2025-09-12 13:33:09] [INFO] Verificando validaciones pendientes
[2025-09-12 13:38:09] [INFO] Verificando validaciones pendientes
[2025-09-12 13:43:10] [INFO] Verificando validaciones pendientes
[2025-09-12 13:48:09] [INFO] Verificando validaciones pendientes
[2025-09-12 13:53:09] [INFO] Verificando validaciones pendientes
[2025-09-12 13:58:09] [INFO] Verificando validaciones pendientes
[2025-09-12 14:03:09] [INFO] Verificando validaciones pendientes
[2025-09-12 14:08:09] [INFO] Verificando validaciones pendientes
[2025-09-12 14:13:09] [INFO] Verificando validaciones pendientes
[2025-09-12 14:18:09] [INFO] Verificando validaciones pendientes
[2025-09-12 14:23:09] [INFO] Verificando validaciones pendientes
[2025-09-12 14:28:09] [INFO] Verificando validaciones pendientes
[2025-09-12 14:33:09] [INFO] Verificando validaciones pendientes
[2025-09-12 14:38:09] [INFO] Verificando validaciones pendientes
[2025-09-12 14:43:09] [INFO] Verificando validaciones pendientes
[2025-09-12 14:48:09] [INFO] Verificando validaciones pendientes
[2025-09-12 14:53:09] [INFO] Verificando validaciones pendientes
[2025-09-12 14:58:09] [INFO] Verificando validaciones pendientes
[2025-09-12 15:03:09] [INFO] Verificando validaciones pendientes
[2025-09-12 15:08:09] [INFO] Verificando validaciones pendientes
[2025-09-12 15:13:09] [INFO] Verificando validaciones pendientes
[2025-09-12 15:18:09] [INFO] Verificando validaciones pendientes
[2025-09-12 15:23:09] [INFO] Verificando validaciones pendientes
[2025-09-12 15:28:09] [INFO] Verificando validaciones pendientes
[2025-09-12 15:33:09] [INFO] Verificando validaciones pendientes
[2025-09-12 15:38:09] [INFO] Verificando validaciones pendientes
[2025-09-12 15:43:09] [INFO] Verificando validaciones pendientes
[2025-09-12 15:48:09] [INFO] Verificando validaciones pendientes
[2025-09-12 15:53:09] [INFO] Verificando validaciones pendientes
[2025-09-12 15:58:09] [INFO] Verificando validaciones pendientes
[2025-09-12 16:03:09] [INFO] Verificando validaciones pendientes
[2025-09-12 16:08:09] [INFO] Verificando validaciones pendientes
[2025-09-12 16:13:09] [INFO] Verificando validaciones pendientes
[2025-09-12 16:18:09] [INFO] Verificando validaciones pendientes
[2025-09-12 16:23:09] [INFO] Verificando validaciones pendientes
[2025-09-12 16:28:09] [INFO] Verificando validaciones pendientes
[2025-09-17 08:13:11] [INFO] Verificando validaciones pendientes
[2025-09-17 08:18:10] [INFO] Verificando validaciones pendientes
[2025-09-17 08:23:11] [INFO] Verificando validaciones pendientes
[2025-09-17 08:28:09] [INFO] Verificando validaciones pendientes
[2025-09-17 08:33:09] [INFO] Verificando validaciones pendientes
[2025-09-17 08:38:09] [INFO] Verificando validaciones pendientes
[2025-09-17 08:43:09] [INFO] Verificando validaciones pendientes
[2025-09-17 08:48:09] [INFO] Verificando validaciones pendientes
[2025-09-17 08:53:09] [INFO] Verificando validaciones pendientes
[2025-09-17 08:58:09] [INFO] Verificando validaciones pendientes
[2025-09-17 09:03:09] [INFO] Verificando validaciones pendientes
[2025-09-17 09:08:09] [INFO] Verificando validaciones pendientes
[2025-09-17 09:13:09] [INFO] Verificando validaciones pendientes
[2025-09-17 09:18:09] [INFO] Verificando validaciones pendientes
[2025-09-17 09:23:09] [INFO] Verificando validaciones pendientes
[2025-09-17 09:28:09] [INFO] Verificando validaciones pendientes
[2025-09-17 09:33:09] [INFO] Verificando validaciones pendientes
[2025-09-17 09:38:09] [INFO] Verificando validaciones pendientes
[2025-09-17 09:43:09] [INFO] Verificando validaciones pendientes
[2025-09-17 09:48:09] [INFO] Verificando validaciones pendientes
[2025-09-17 09:53:09] [INFO] Verificando validaciones pendientes
[2025-09-17 09:58:09] [INFO] Verificando validaciones pendientes
[2025-09-17 10:03:10] [INFO] Verificando validaciones pendientes
[2025-09-17 10:08:09] [INFO] Verificando validaciones pendientes
[2025-09-17 10:13:10] [INFO] Verificando validaciones pendientes
[2025-09-17 10:18:09] [INFO] Verificando validaciones pendientes
[2025-09-17 10:23:10] [INFO] Verificando validaciones pendientes
[2025-09-17 10:28:09] [INFO] Verificando validaciones pendientes
[2025-09-17 10:33:09] [INFO] Verificando validaciones pendientes
[2025-09-17 10:38:09] [INFO] Verificando validaciones pendientes
[2025-09-17 10:43:09] [INFO] Verificando validaciones pendientes
[2025-09-17 10:48:09] [INFO] Verificando validaciones pendientes
[2025-09-17 10:53:10] [INFO] Verificando validaciones pendientes
[2025-09-17 10:58:10] [INFO] Verificando validaciones pendientes
[2025-09-17 11:03:10] [INFO] Verificando validaciones pendientes
[2025-09-17 11:08:10] [INFO] Verificando validaciones pendientes
[2025-09-17 11:13:10] [INFO] Verificando validaciones pendientes
[2025-09-17 11:18:10] [INFO] Verificando validaciones pendientes
[2025-09-17 11:23:10] [INFO] Verificando validaciones pendientes
[2025-09-17 11:28:10] [INFO] Verificando validaciones pendientes
[2025-09-17 11:33:10] [INFO] Verificando validaciones pendientes
[2025-09-17 11:38:10] [INFO] Verificando validaciones pendientes
[2025-09-17 11:43:10] [INFO] Verificando validaciones pendientes
[2025-09-17 11:48:10] [INFO] Verificando validaciones pendientes
[2025-09-17 11:53:09] [INFO] Verificando validaciones pendientes
[2025-09-17 11:58:09] [INFO] Verificando validaciones pendientes
[2025-09-17 12:03:09] [INFO] Verificando validaciones pendientes
[2025-09-17 12:08:09] [INFO] Verificando validaciones pendientes
[2025-09-17 12:13:09] [INFO] Verificando validaciones pendientes
[2025-09-17 12:18:09] [INFO] Verificando validaciones pendientes
[2025-09-17 12:23:09] [INFO] Verificando validaciones pendientes
[2025-09-17 12:28:09] [INFO] Verificando validaciones pendientes
[2025-09-17 12:33:09] [INFO] Verificando validaciones pendientes
[2025-09-17 12:38:09] [INFO] Verificando validaciones pendientes
[2025-09-17 12:43:09] [INFO] Verificando validaciones pendientes
[2025-09-17 12:48:09] [INFO] Verificando validaciones pendientes
[2025-09-17 12:53:09] [INFO] Verificando validaciones pendientes
[2025-09-17 12:58:09] [INFO] Verificando validaciones pendientes
[2025-09-17 13:03:09] [INFO] Verificando validaciones pendientes
[2025-09-17 13:08:09] [INFO] Verificando validaciones pendientes
[2025-09-17 13:13:09] [INFO] Verificando validaciones pendientes
[2025-09-17 13:18:09] [INFO] Verificando validaciones pendientes
[2025-09-17 13:23:09] [INFO] Verificando validaciones pendientes
[2025-09-17 13:28:09] [INFO] Verificando validaciones pendientes
[2025-09-17 13:33:09] [INFO] Verificando validaciones pendientes
[2025-09-17 13:38:09] [INFO] Verificando validaciones pendientes
[2025-09-17 13:43:09] [INFO] Verificando validaciones pendientes
[2025-09-17 13:48:09] [INFO] Verificando validaciones pendientes
[2025-09-17 13:53:09] [INFO] Verificando validaciones pendientes
[2025-09-17 13:58:09] [INFO] Verificando validaciones pendientes
[2025-09-17 14:03:09] [INFO] Verificando validaciones pendientes
[2025-09-17 14:08:09] [INFO] Verificando validaciones pendientes
[2025-09-17 14:13:09] [INFO] Verificando validaciones pendientes
[2025-09-17 14:18:09] [INFO] Verificando validaciones pendientes
[2025-09-17 14:23:09] [INFO] Verificando validaciones pendientes
[2025-09-17 14:28:09] [INFO] Verificando validaciones pendientes
[2025-09-17 14:33:11] [INFO] Verificando validaciones pendientes
[2025-09-17 14:38:09] [INFO] Verificando validaciones pendientes
[2025-09-17 14:43:09] [INFO] Verificando validaciones pendientes
[2025-09-17 14:48:09] [INFO] Verificando validaciones pendientes
[2025-09-17 14:53:09] [INFO] Verificando validaciones pendientes
[2025-09-17 14:58:09] [INFO] Verificando validaciones pendientes
[2025-09-17 15:03:09] [INFO] Verificando validaciones pendientes
[2025-09-17 15:08:09] [INFO] Verificando validaciones pendientes
[2025-09-17 15:13:09] [INFO] Verificando validaciones pendientes
[2025-09-17 15:18:09] [INFO] Verificando validaciones pendientes
[2025-09-17 15:23:09] [INFO] Verificando validaciones pendientes
[2025-09-17 15:28:09] [INFO] Verificando validaciones pendientes
[2025-09-17 15:33:09] [INFO] Verificando validaciones pendientes
[2025-09-17 15:38:09] [INFO] Verificando validaciones pendientes
[2025-09-17 15:43:09] [INFO] Verificando validaciones pendientes
[2025-09-17 15:48:09] [INFO] Verificando validaciones pendientes
[2025-09-17 15:53:09] [INFO] Verificando validaciones pendientes
[2025-09-17 15:58:09] [INFO] Verificando validaciones pendientes
[2025-09-17 16:03:09] [INFO] Verificando validaciones pendientes
[2025-09-17 16:08:09] [INFO] Verificando validaciones pendientes
[2025-09-17 16:13:09] [INFO] Verificando validaciones pendientes
[2025-09-17 16:18:09] [INFO] Verificando validaciones pendientes
[2025-09-17 16:23:09] [INFO] Verificando validaciones pendientes
[2025-09-17 16:28:09] [INFO] Verificando validaciones pendientes
[2025-09-17 16:33:09] [INFO] Verificando validaciones pendientes
[2025-09-17 16:38:09] [INFO] Verificando validaciones pendientes
[2025-09-17 16:43:09] [INFO] Verificando validaciones pendientes
[2025-09-17 16:48:09] [INFO] Verificando validaciones pendientes
[2025-09-17 16:53:09] [INFO] Verificando validaciones pendientes
[2025-09-17 16:58:09] [INFO] Verificando validaciones pendientes
[2025-09-17 17:03:09] [INFO] Verificando validaciones pendientes
[2025-09-17 17:08:09] [INFO] Verificando validaciones pendientes
[2025-09-17 17:13:09] [INFO] Verificando validaciones pendientes
[2025-09-17 17:18:09] [INFO] Verificando validaciones pendientes
[2025-09-17 17:23:09] [INFO] Verificando validaciones pendientes
[2025-09-17 17:28:09] [INFO] Verificando validaciones pendientes
[2025-09-17 17:33:09] [INFO] Verificando validaciones pendientes
[2025-09-17 17:38:10] [INFO] Verificando validaciones pendientes
[2025-09-17 17:43:09] [INFO] Verificando validaciones pendientes
[2025-09-17 17:48:09] [INFO] Verificando validaciones pendientes
[2025-09-17 17:53:09] [INFO] Verificando validaciones pendientes
[2025-09-17 17:58:09] [INFO] Verificando validaciones pendientes
[2025-09-17 18:03:10] [INFO] Verificando validaciones pendientes
[2025-09-17 18:08:09] [INFO] Verificando validaciones pendientes
[2025-09-17 18:13:09] [INFO] Verificando validaciones pendientes
[2025-09-17 18:18:09] [INFO] Verificando validaciones pendientes
[2025-09-17 18:23:09] [INFO] Verificando validaciones pendientes
[2025-09-17 18:28:09] [INFO] Verificando validaciones pendientes
[2025-09-17 18:33:09] [INFO] Verificando validaciones pendientes
[2025-09-17 18:38:09] [INFO] Verificando validaciones pendientes
[2025-09-17 18:43:09] [INFO] Verificando validaciones pendientes
[2025-09-17 18:48:09] [INFO] Verificando validaciones pendientes
[2025-09-17 18:53:09] [INFO] Verificando validaciones pendientes
[2025-09-17 18:58:09] [INFO] Verificando validaciones pendientes
[2025-09-17 19:03:10] [INFO] Verificando validaciones pendientes
[2025-09-17 19:08:09] [INFO] Verificando validaciones pendientes
[2025-09-17 19:13:09] [INFO] Verificando validaciones pendientes
[2025-09-17 19:18:09] [INFO] Verificando validaciones pendientes
[2025-09-17 19:23:10] [INFO] Verificando validaciones pendientes
[2025-09-17 19:28:10] [INFO] Verificando validaciones pendientes
[2025-09-17 19:33:10] [INFO] Verificando validaciones pendientes
[2025-09-17 19:38:10] [INFO] Verificando validaciones pendientes
[2025-09-17 19:43:10] [INFO] Verificando validaciones pendientes
[2025-09-17 19:48:10] [INFO] Verificando validaciones pendientes
[2025-09-17 19:53:10] [INFO] Verificando validaciones pendientes
[2025-09-17 19:58:10] [INFO] Verificando validaciones pendientes
[2025-09-17 20:03:10] [INFO] Verificando validaciones pendientes
[2025-09-17 20:08:10] [INFO] Verificando validaciones pendientes
[2025-09-17 20:13:10] [INFO] Verificando validaciones pendientes
[2025-09-17 20:18:09] [INFO] Verificando validaciones pendientes
[2025-09-17 20:23:09] [INFO] Verificando validaciones pendientes
[2025-09-17 20:28:09] [INFO] Verificando validaciones pendientes
[2025-09-17 20:33:09] [INFO] Verificando validaciones pendientes
[2025-09-17 20:38:09] [INFO] Verificando validaciones pendientes
[2025-09-17 20:43:09] [INFO] Verificando validaciones pendientes
[2025-09-17 20:48:11] [INFO] Verificando validaciones pendientes
[2025-09-17 20:53:09] [INFO] Verificando validaciones pendientes
[2025-09-17 20:58:10] [INFO] Verificando validaciones pendientes
[2025-09-17 21:03:09] [INFO] Verificando validaciones pendientes
[2025-09-17 21:08:09] [INFO] Verificando validaciones pendientes
[2025-09-17 21:13:09] [INFO] Verificando validaciones pendientes
[2025-09-17 21:18:09] [INFO] Verificando validaciones pendientes
[2025-09-17 21:23:09] [INFO] Verificando validaciones pendientes
[2025-09-17 21:28:09] [INFO] Verificando validaciones pendientes
[2025-09-17 21:33:09] [INFO] Verificando validaciones pendientes
[2025-09-17 21:38:09] [INFO] Verificando validaciones pendientes
[2025-09-17 21:43:09] [INFO] Verificando validaciones pendientes
[2025-09-17 21:48:09] [INFO] Verificando validaciones pendientes
[2025-09-17 21:53:09] [INFO] Verificando validaciones pendientes
[2025-09-17 21:58:09] [INFO] Verificando validaciones pendientes
[2025-09-17 22:03:09] [INFO] Verificando validaciones pendientes
[2025-09-17 22:08:09] [INFO] Verificando validaciones pendientes
[2025-09-17 22:13:09] [INFO] Verificando validaciones pendientes
[2025-09-17 22:18:09] [INFO] Verificando validaciones pendientes
[2025-09-17 22:23:09] [INFO] Verificando validaciones pendientes
[2025-09-17 22:28:09] [INFO] Verificando validaciones pendientes
[2025-09-17 22:33:09] [INFO] Verificando validaciones pendientes
[2025-09-17 22:38:09] [INFO] Verificando validaciones pendientes
[2025-09-17 22:43:09] [INFO] Verificando validaciones pendientes
[2025-09-17 22:48:09] [INFO] Verificando validaciones pendientes
[2025-09-17 22:53:09] [INFO] Verificando validaciones pendientes
[2025-09-17 22:58:09] [INFO] Verificando validaciones pendientes
[2025-09-17 23:03:09] [INFO] Verificando validaciones pendientes
[2025-09-17 23:08:09] [INFO] Verificando validaciones pendientes
[2025-09-17 23:13:09] [INFO] Verificando validaciones pendientes
[2025-09-17 23:18:09] [INFO] Verificando validaciones pendientes
[2025-09-17 23:23:09] [INFO] Verificando validaciones pendientes
[2025-09-17 23:28:09] [INFO] Verificando validaciones pendientes
[2025-09-17 23:33:09] [INFO] Verificando validaciones pendientes
[2025-09-17 23:38:09] [INFO] Verificando validaciones pendientes
[2025-09-17 23:43:09] [INFO] Verificando validaciones pendientes
[2025-09-17 23:48:09] [INFO] Verificando validaciones pendientes
[2025-09-17 23:53:09] [INFO] Verificando validaciones pendientes
[2025-09-17 23:58:09] [INFO] Verificando validaciones pendientes
[2025-09-18 00:03:09] [INFO] Verificando validaciones pendientes
[2025-09-18 00:08:09] [INFO] Verificando validaciones pendientes
[2025-09-18 00:13:09] [INFO] Verificando validaciones pendientes
[2025-09-18 00:18:09] [INFO] Verificando validaciones pendientes
[2025-09-18 00:23:09] [INFO] Verificando validaciones pendientes
[2025-09-18 00:28:09] [INFO] Verificando validaciones pendientes
[2025-09-18 00:33:09] [INFO] Verificando validaciones pendientes
[2025-09-18 00:38:09] [INFO] Verificando validaciones pendientes
[2025-09-18 00:43:09] [INFO] Verificando validaciones pendientes
[2025-09-18 00:48:09] [INFO] Verificando validaciones pendientes
[2025-09-18 00:53:09] [INFO] Verificando validaciones pendientes
[2025-09-18 00:58:09] [INFO] Verificando validaciones pendientes
[2025-09-18 01:03:09] [INFO] Verificando validaciones pendientes
[2025-09-18 01:08:09] [INFO] Verificando validaciones pendientes
[2025-09-18 01:13:09] [INFO] Verificando validaciones pendientes
[2025-09-18 01:18:09] [INFO] Verificando validaciones pendientes
[2025-09-18 01:23:09] [INFO] Verificando validaciones pendientes
[2025-09-18 01:28:09] [INFO] Verificando validaciones pendientes
[2025-09-18 01:33:09] [INFO] Verificando validaciones pendientes
[2025-09-18 01:38:09] [INFO] Verificando validaciones pendientes
[2025-09-18 01:43:09] [INFO] Verificando validaciones pendientes
[2025-09-18 01:48:09] [INFO] Verificando validaciones pendientes
[2025-09-18 01:53:09] [INFO] Verificando validaciones pendientes
[2025-09-18 01:58:09] [INFO] Verificando validaciones pendientes
[2025-09-18 02:03:09] [INFO] Verificando validaciones pendientes
[2025-09-18 02:08:09] [INFO] Verificando validaciones pendientes
[2025-09-18 02:13:09] [INFO] Verificando validaciones pendientes
[2025-09-18 02:18:09] [INFO] Verificando validaciones pendientes
[2025-09-18 02:23:09] [INFO] Verificando validaciones pendientes
[2025-09-18 02:28:10] [INFO] Verificando validaciones pendientes
[2025-09-18 02:33:10] [INFO] Verificando validaciones pendientes
[2025-09-18 02:38:10] [INFO] Verificando validaciones pendientes
[2025-09-18 02:43:09] [INFO] Verificando validaciones pendientes
[2025-09-18 02:48:09] [INFO] Verificando validaciones pendientes
[2025-09-18 02:53:10] [INFO] Verificando validaciones pendientes
[2025-09-18 02:58:10] [INFO] Verificando validaciones pendientes
[2025-09-18 03:03:10] [INFO] Verificando validaciones pendientes
[2025-09-18 03:08:10] [INFO] Verificando validaciones pendientes
[2025-09-18 03:13:10] [INFO] Verificando validaciones pendientes
[2025-09-18 03:18:10] [INFO] Verificando validaciones pendientes
[2025-09-18 03:23:09] [INFO] Verificando validaciones pendientes
[2025-09-18 03:28:09] [INFO] Verificando validaciones pendientes
[2025-09-18 03:33:09] [INFO] Verificando validaciones pendientes
[2025-09-18 03:38:09] [INFO] Verificando validaciones pendientes
[2025-09-18 03:43:09] [INFO] Verificando validaciones pendientes
[2025-09-18 03:48:09] [INFO] Verificando validaciones pendientes
[2025-09-18 03:53:09] [INFO] Verificando validaciones pendientes
[2025-09-18 03:58:09] [INFO] Verificando validaciones pendientes
[2025-09-18 04:03:09] [INFO] Verificando validaciones pendientes
[2025-09-18 04:08:09] [INFO] Verificando validaciones pendientes
[2025-09-18 04:13:09] [INFO] Verificando validaciones pendientes
[2025-09-18 04:18:09] [INFO] Verificando validaciones pendientes
[2025-09-18 04:23:09] [INFO] Verificando validaciones pendientes
[2025-09-18 04:28:09] [INFO] Verificando validaciones pendientes
[2025-09-18 04:33:09] [INFO] Verificando validaciones pendientes
[2025-09-18 04:38:09] [INFO] Verificando validaciones pendientes
[2025-09-18 04:43:09] [INFO] Verificando validaciones pendientes
[2025-09-18 04:48:09] [INFO] Verificando validaciones pendientes
[2025-09-18 04:53:09] [INFO] Verificando validaciones pendientes
[2025-09-18 04:58:09] [INFO] Verificando validaciones pendientes
[2025-09-18 05:03:09] [INFO] Verificando validaciones pendientes
[2025-09-18 05:08:09] [INFO] Verificando validaciones pendientes
[2025-09-18 05:13:09] [INFO] Verificando validaciones pendientes
[2025-09-18 05:18:09] [INFO] Verificando validaciones pendientes
[2025-09-18 05:23:09] [INFO] Verificando validaciones pendientes
[2025-09-18 05:28:09] [INFO] Verificando validaciones pendientes
[2025-09-18 05:33:09] [INFO] Verificando validaciones pendientes
[2025-09-18 05:38:09] [INFO] Verificando validaciones pendientes
[2025-09-18 05:43:09] [INFO] Verificando validaciones pendientes
[2025-09-18 05:48:09] [INFO] Verificando validaciones pendientes
[2025-09-18 05:53:09] [INFO] Verificando validaciones pendientes
[2025-09-18 05:58:09] [INFO] Verificando validaciones pendientes
[2025-09-18 06:03:09] [INFO] Verificando validaciones pendientes
[2025-09-18 06:08:09] [INFO] Verificando validaciones pendientes
[2025-09-18 06:13:09] [INFO] Verificando validaciones pendientes
[2025-09-18 06:18:09] [INFO] Verificando validaciones pendientes
[2025-09-18 06:23:09] [INFO] Verificando validaciones pendientes
[2025-09-18 06:28:09] [INFO] Verificando validaciones pendientes
[2025-09-18 06:33:09] [INFO] Verificando validaciones pendientes
[2025-09-18 06:38:09] [INFO] Verificando validaciones pendientes
[2025-09-18 06:43:09] [INFO] Verificando validaciones pendientes
[2025-09-18 06:48:09] [INFO] Verificando validaciones pendientes
[2025-09-18 06:53:09] [INFO] Verificando validaciones pendientes
[2025-09-18 06:58:09] [INFO] Verificando validaciones pendientes
[2025-09-18 07:03:09] [INFO] Verificando validaciones pendientes
[2025-09-18 07:08:09] [INFO] Verificando validaciones pendientes
[2025-09-18 07:13:09] [INFO] Verificando validaciones pendientes
[2025-09-18 07:18:09] [INFO] Verificando validaciones pendientes
[2025-09-18 07:23:09] [INFO] Verificando validaciones pendientes
[2025-09-18 07:28:09] [INFO] Verificando validaciones pendientes
[2025-09-18 07:33:09] [INFO] Verificando validaciones pendientes
[2025-09-18 07:38:09] [INFO] Verificando validaciones pendientes
[2025-09-18 07:43:09] [INFO] Verificando validaciones pendientes
[2025-09-18 07:48:09] [INFO] Verificando validaciones pendientes
[2025-09-18 07:53:09] [INFO] Verificando validaciones pendientes
[2025-09-18 07:58:09] [INFO] Verificando validaciones pendientes
[2025-09-18 08:03:09] [INFO] Verificando validaciones pendientes
[2025-09-18 08:08:09] [INFO] Verificando validaciones pendientes
[2025-09-18 08:13:09] [INFO] Verificando validaciones pendientes
[2025-09-18 08:18:09] [INFO] Verificando validaciones pendientes
[2025-09-18 08:23:09] [INFO] Verificando validaciones pendientes
[2025-09-18 08:28:09] [INFO] Verificando validaciones pendientes
[2025-09-18 08:33:09] [INFO] Verificando validaciones pendientes
[2025-09-18 08:38:09] [INFO] Verificando validaciones pendientes
[2025-09-18 08:43:09] [INFO] Verificando validaciones pendientes
[2025-09-18 08:48:11] [INFO] Verificando validaciones pendientes
[2025-09-18 08:53:09] [INFO] Verificando validaciones pendientes
[2025-09-18 08:58:09] [INFO] Verificando validaciones pendientes
[2025-09-18 09:03:10] [INFO] Verificando validaciones pendientes
[2025-09-18 09:08:09] [INFO] Verificando validaciones pendientes
[2025-09-18 09:13:10] [INFO] Verificando validaciones pendientes
[2025-09-18 09:18:10] [INFO] Verificando validaciones pendientes
[2025-09-18 09:23:10] [INFO] Verificando validaciones pendientes
[2025-09-18 09:28:09] [INFO] Verificando validaciones pendientes
[2025-09-18 09:33:09] [INFO] Verificando validaciones pendientes
[2025-09-18 09:38:09] [INFO] Verificando validaciones pendientes
[2025-09-18 09:43:10] [INFO] Verificando validaciones pendientes
